<ERROR_BLOCK>
excepInfo: select * from iwebshop_order  as o left join iwebshop_order_goods  as d on o.id = d.order_id where  user_id = 1 and if_del = 0    order by id desc limit 5
 -- Column 'id' in order clause is ambiguous
excepFile: IWEB_PATH/lib/db/db_class.php
excepLine: 119
excepCode: 1000
excepTime: 2016-09-30 10:25:12
#0 IWEB_PATH/lib/core/query_class.php(161): IDB->query(select * from iwebshop_order  as o left join iwebshop_order_goods  as d on o.id = d.order_id where  user_id = 1 and if_del = 0    order by id desc limit 5)
#1 IWEB_PATH/classes/apple.php(151): IQuery->find()
#2 IWEB_PATH/classes/apple.php(56): apple::query()
#3 IWEB_PATH/runtime/views/default/ucenter/index.php(206): apple::go(getOrderListByUserid)
#4 IWEB_PATH/lib/web/controller/controllerbase_class.php(115): require(IWEB_PATH/runtime/views/default/ucenter/index.php)
#5 IWEB_PATH/lib/web/controller/controllerbase_class.php(81): IControllerBase->requireFile(IWEB_PATH/runtime/views/default/ucenter/index.php)
#6 IWEB_PATH/lib/web/controller/controller_class.php(166): IControllerBase->renderView(IWEB_PATH/views/default/ucenter/index)
#7 IWEB_PATH/lib/web/action/view_action.php(32): IController->render(IWEB_PATH/views/default/ucenter/index)
#8 IWEB_PATH/lib/web/controller/controller_class.php(367): IViewAction->run()
#9 IWEB_PATH/controllers/ucenter.php(40): IController->redirect(index)
#10 : Ucenter->index()
#11 IWEB_PATH/lib/web/action/inline_action.php(24): call_user_func()
#12 IWEB_PATH/lib/web/controller/controller_class.php(115): IInlineAction->run()
#13 IWEB_PATH/lib/core/webapplication_class.php(75): IController->run(index)
#14 IWEB_PATH/lib/core/application_class.php(93): IWebApplication->execRequest()
#15 IWEB_PATH/index.php(7): IApplication->run()
</ERROR_BLOCK>

<ERROR_BLOCK>
excepInfo: SELECT * FROM iwebshop_member as m,iwebshop_user as u WHERE m.user_id = u.id and m.user_id= limit 1
 -- You have an error in your SQL syntax; check the manual that corresponds to your MySQL server version for the right syntax to use near 'limit 1' at line 1
excepFile: IWEB_PATH/lib/db/db_class.php
excepLine: 119
excepCode: 1000
excepTime: 2016-09-30 13:38:22
#0 IWEB_PATH/lib/web/model/model_class.php(200): IDB->query(SELECT * FROM iwebshop_member as m,iwebshop_user as u WHERE m.user_id = u.id and m.user_id= limit 1)
#1 IWEB_PATH/lib/web/model/model_class.php(148): IModel->query(m.user_id = u.id and m.user_id=,*,,1)
#2 IWEB_PATH/classes/api/ucenter.php(61): IModel->getObj(m.user_id = u.id and m.user_id=)
#3 : APIUcenter->getMemberInfo()
#4 IWEB_PATH/classes/apple.php(88): call_user_func_array()
#5 IWEB_PATH/controllers/ucenter.php(18): apple::go(getMemberInfo)
#6 : Ucenter->index()
#7 IWEB_PATH/lib/web/action/inline_action.php(24): call_user_func()
#8 IWEB_PATH/lib/web/controller/controller_class.php(115): IInlineAction->run()
#9 IWEB_PATH/lib/core/webapplication_class.php(75): IController->run(index)
#10 IWEB_PATH/lib/core/application_class.php(93): IWebApplication->execRequest()
#11 IWEB_PATH/index.php(7): IApplication->run()
</ERROR_BLOCK>

<ERROR_BLOCK>
excepInfo: SELECT * FROM iwebshop_member WHERE UPDATE iwebshop_member SET `lock_balance` = ((lock_balance+1)%2) WHERE user_id = 1 limit 50000
 -- You have an error in your SQL syntax; check the manual that corresponds to your MySQL server version for the right syntax to use near 'UPDATE iwebshop_member SET `lock_balance` = ((lock_balance+1)%2) WHERE user_id =' at line 1
excepFile: IWEB_PATH/lib/db/db_class.php
excepLine: 119
excepCode: 1000
excepTime: 2016-09-30 14:03:57
#0 IWEB_PATH/lib/web/model/model_class.php(200): IDB->query(SELECT * FROM iwebshop_member WHERE UPDATE iwebshop_member SET `lock_balance` = ((lock_balance+1)%2) WHERE user_id = 1 limit 50000)
#1 IWEB_PATH/controllers/ucenter.php(282): IModel->query(UPDATE iwebshop_member SET `lock_balance` = ((lock_balance+1)%2) WHERE user_id = 1)
#2 : Ucenter->luck_balance()
#3 IWEB_PATH/lib/web/action/inline_action.php(24): call_user_func()
#4 IWEB_PATH/lib/web/controller/controller_class.php(115): IInlineAction->run()
#5 IWEB_PATH/lib/core/webapplication_class.php(75): IController->run(luck_balance)
#6 IWEB_PATH/lib/core/application_class.php(93): IWebApplication->execRequest()
#7 IWEB_PATH/index.php(7): IApplication->run()
</ERROR_BLOCK>

<ERROR_BLOCK>
excepInfo: SELECT * FROM iwebshop_member WHERE UPDATE iwebshop_member SET `lock_balance` = ((lock_balance+1)%2) WHERE 'user_id' = 1 limit 50000
 -- You have an error in your SQL syntax; check the manual that corresponds to your MySQL server version for the right syntax to use near 'UPDATE iwebshop_member SET `lock_balance` = ((lock_balance+1)%2) WHERE 'user_id'' at line 1
excepFile: IWEB_PATH/lib/db/db_class.php
excepLine: 119
excepCode: 1000
excepTime: 2016-09-30 14:04:22
#0 IWEB_PATH/lib/web/model/model_class.php(200): IDB->query(SELECT * FROM iwebshop_member WHERE UPDATE iwebshop_member SET `lock_balance` = ((lock_balance+1)%2) WHERE 'user_id' = 1 limit 50000)
#1 IWEB_PATH/controllers/ucenter.php(281): IModel->query(UPDATE iwebshop_member SET `lock_balance` = ((lock_balance+1)%2) WHERE 'user_id' = 1)
#2 : Ucenter->luck_balance()
#3 IWEB_PATH/lib/web/action/inline_action.php(24): call_user_func()
#4 IWEB_PATH/lib/web/controller/controller_class.php(115): IInlineAction->run()
#5 IWEB_PATH/lib/core/webapplication_class.php(75): IController->run(luck_balance)
#6 IWEB_PATH/lib/core/application_class.php(93): IWebApplication->execRequest()
#7 IWEB_PATH/index.php(7): IApplication->run()
</ERROR_BLOCK>

<ERROR_BLOCK>
excepInfo: SELECT * FROM iwebshop_member WHERE UPDATE iwebshop_member SET `lock_balance` = ((lock_balance+1)%2) WHERE 'user_id' = 1 limit 50000
 -- You have an error in your SQL syntax; check the manual that corresponds to your MySQL server version for the right syntax to use near 'UPDATE iwebshop_member SET `lock_balance` = ((lock_balance+1)%2) WHERE 'user_id'' at line 1
excepFile: IWEB_PATH/lib/db/db_class.php
excepLine: 119
excepCode: 1000
excepTime: 2016-09-30 14:05:16
#0 IWEB_PATH/lib/web/model/model_class.php(200): IDB->query(SELECT * FROM iwebshop_member WHERE UPDATE iwebshop_member SET `lock_balance` = ((lock_balance+1)%2) WHERE 'user_id' = 1 limit 50000)
#1 IWEB_PATH/controllers/ucenter.php(281): IModel->query(UPDATE iwebshop_member SET `lock_balance` = ((lock_balance+1)%2) WHERE 'user_id' = 1)
#2 : Ucenter->luck_balance()
#3 IWEB_PATH/lib/web/action/inline_action.php(24): call_user_func()
#4 IWEB_PATH/lib/web/controller/controller_class.php(115): IInlineAction->run()
#5 IWEB_PATH/lib/core/webapplication_class.php(75): IController->run(luck_balance)
#6 IWEB_PATH/lib/core/application_class.php(93): IWebApplication->execRequest()
#7 IWEB_PATH/index.php(7): IApplication->run()
</ERROR_BLOCK>

<ERROR_BLOCK>
excepInfo: SELECT * FROM iwebshop_member WHERE UPDATE iwebshop_member SET `lock_balance` = ((lock_balance+1)%2) WHERE 'user_id' = 1 limit 50000
 -- You have an error in your SQL syntax; check the manual that corresponds to your MySQL server version for the right syntax to use near 'UPDATE iwebshop_member SET `lock_balance` = ((lock_balance+1)%2) WHERE 'user_id'' at line 1
excepFile: IWEB_PATH/lib/db/db_class.php
excepLine: 119
excepCode: 1000
excepTime: 2016-09-30 14:05:18
#0 IWEB_PATH/lib/web/model/model_class.php(200): IDB->query(SELECT * FROM iwebshop_member WHERE UPDATE iwebshop_member SET `lock_balance` = ((lock_balance+1)%2) WHERE 'user_id' = 1 limit 50000)
#1 IWEB_PATH/controllers/ucenter.php(281): IModel->query(UPDATE iwebshop_member SET `lock_balance` = ((lock_balance+1)%2) WHERE 'user_id' = 1)
#2 : Ucenter->luck_balance()
#3 IWEB_PATH/lib/web/action/inline_action.php(24): call_user_func()
#4 IWEB_PATH/lib/web/controller/controller_class.php(115): IInlineAction->run()
#5 IWEB_PATH/lib/core/webapplication_class.php(75): IController->run(luck_balance)
#6 IWEB_PATH/lib/core/application_class.php(93): IWebApplication->execRequest()
#7 IWEB_PATH/index.php(7): IApplication->run()
</ERROR_BLOCK>

<ERROR_BLOCK>
excepInfo: select * from iwebshop_quick_naviga  where admin_id =  and is_del = 0    limit 5000
 -- You have an error in your SQL syntax; check the manual that corresponds to your MySQL server version for the right syntax to use near 'and is_del = 0    limit 5000' at line 1
excepFile: IWEB_PATH/lib/db/db_class.php
excepLine: 119
excepCode: 1000
excepTime: 2016-09-30 14:24:34
#0 IWEB_PATH/lib/core/query_class.php(161): IDB->query(select * from iwebshop_quick_naviga  where admin_id =  and is_del = 0    limit 5000)
#1 IWEB_PATH/runtime/views/sysdefault/system/default.php(40): IQuery->find()
#2 IWEB_PATH/lib/web/controller/controllerbase_class.php(115): require(IWEB_PATH/runtime/views/sysdefault/system/default.php)
#3 IWEB_PATH/lib/web/controller/controllerbase_class.php(81): IControllerBase->requireFile(IWEB_PATH/runtime/views/sysdefault/system/default.php)
#4 IWEB_PATH/lib/web/controller/controller_class.php(166): IControllerBase->renderView(IWEB_PATH/views/sysdefault/system/default)
#5 IWEB_PATH/lib/web/action/view_action.php(32): IController->render(IWEB_PATH/views/sysdefault/system/default)
#6 IWEB_PATH/lib/web/controller/controller_class.php(115): IViewAction->run()
#7 IWEB_PATH/lib/core/webapplication_class.php(75): IController->run(default)
#8 IWEB_PATH/lib/core/application_class.php(93): IWebApplication->execRequest()
#9 IWEB_PATH/index.php(7): IApplication->run()
</ERROR_BLOCK>

<ERROR_BLOCK>
excepInfo: SELECT * FROM iwebshop_member as m,iwebshop_user as u WHERE m.user_id = u.id and m.user_id= limit 1
 -- You have an error in your SQL syntax; check the manual that corresponds to your MySQL server version for the right syntax to use near 'limit 1' at line 1
excepFile: IWEB_PATH/lib/db/db_class.php
excepLine: 119
excepCode: 1000
excepTime: 2016-09-30 16:04:14
#0 IWEB_PATH/lib/web/model/model_class.php(198): IDB->query(SELECT * FROM iwebshop_member as m,iwebshop_user as u WHERE m.user_id = u.id and m.user_id= limit 1)
#1 IWEB_PATH/lib/web/model/model_class.php(146): IModel->query(m.user_id = u.id and m.user_id=,*,,1)
#2 IWEB_PATH/classes/api/ucenter.php(61): IModel->getObj(m.user_id = u.id and m.user_id=)
#3 : APIUcenter->getMemberInfo()
#4 IWEB_PATH/classes/apple.php(88): call_user_func_array()
#5 IWEB_PATH/controllers/ucenter.php(18): apple::go(getMemberInfo)
#6 : Ucenter->index()
#7 IWEB_PATH/lib/web/action/inline_action.php(24): call_user_func()
#8 IWEB_PATH/lib/web/controller/controller_class.php(115): IInlineAction->run()
#9 IWEB_PATH/lib/core/webapplication_class.php(75): IController->run(index)
#10 IWEB_PATH/lib/core/application_class.php(93): IWebApplication->execRequest()
#11 IWEB_PATH/index.php(7): IApplication->run()
</ERROR_BLOCK>

