<ERROR_BLOCK>
excepInfo: select sum(og.real_price * og.goods_nums) as yValue,`pay_time`,DATE_FORMAT(`pay_time`,"%m-%d") as xValue from iwebshop_order_goods as og left join iwebshop_order  as o on o.id = og.order_id where og.is_send = 1 and og.seller_id =  and o.pay_status = 1 GROUP BY DATE_FORMAT(`pay_time`,'%Y-%m-%d') having `pay_time` >= '2016-09-23' and `pay_time` < '2016-09-29 23:59:59'   limit 5000
 -- You have an error in your SQL syntax; check the manual that corresponds to your MySQL server version for the right syntax to use near 'and o.pay_status = 1 GROUP BY DATE_FORMAT(`pay_time`,'%Y-%m-%d') having `pay_tim' at line 1
excepFile: IWEB_PATH/lib/db/db_class.php
excepLine: 119
excepCode: 1000
excepTime: 2016-09-29 09:11:57
#0 IWEB_PATH/lib/core/query_class.php(161): IDB->query(select sum(og.real_price * og.goods_nums) as yValue,`pay_time`,DATE_FORMAT(`pay_time`,"%m-%d") as xValue from iwebshop_order_goods as og left join iwebshop_order  as o on o.id = og.order_id where og.is_send = 1 and og.seller_id =  and o.pay_status = 1 GROUP BY DATE_FORMAT(`pay_time`,'%Y-%m-%d') having `pay_time` >= '2016-09-23' and `pay_time` < '2016-09-29 23:59:59'   limit 5000)
#1 IWEB_PATH/classes/statistics.php(122): IQuery->find()
#2 IWEB_PATH/classes/statistics.php(184): statistics::ParseCondition(pay_time,,)
#3 IWEB_PATH/runtime/views/sysseller/seller/index.php(65): statistics::sellerAmount()
#4 IWEB_PATH/lib/web/controller/controllerbase_class.php(115): require(IWEB_PATH/runtime/views/sysseller/seller/index.php)
#5 IWEB_PATH/lib/web/controller/controllerbase_class.php(81): IControllerBase->requireFile(IWEB_PATH/runtime/views/sysseller/seller/index.php)
#6 IWEB_PATH/lib/web/controller/controller_class.php(166): IControllerBase->renderView(IWEB_PATH/views/sysseller/seller/index)
#7 IWEB_PATH/lib/web/action/view_action.php(32): IController->render(IWEB_PATH/views/sysseller/seller/index)
#8 IWEB_PATH/lib/web/controller/controller_class.php(115): IViewAction->run()
#9 IWEB_PATH/lib/core/webapplication_class.php(75): IController->run(index)
#10 IWEB_PATH/lib/core/application_class.php(93): IWebApplication->execRequest()
#11 IWEB_PATH/index.php(7): IApplication->run()
</ERROR_BLOCK>

<ERROR_BLOCK>
excepInfo: SELECT * FROM iwebshop_favorite WHERE user_id = 1 and 'rid='1' limit 1
 -- You have an error in your SQL syntax; check the manual that corresponds to your MySQL server version for the right syntax to use near '1' limit 1' at line 1
excepFile: IWEB_PATH/lib/db/db_class.php
excepLine: 119
excepCode: 1000
excepTime: 2016-09-29 11:18:14
#0 IWEB_PATH/lib/web/model/model_class.php(200): IDB->query(SELECT * FROM iwebshop_favorite WHERE user_id = 1 and 'rid='1' limit 1)
#1 IWEB_PATH/lib/web/model/model_class.php(148): IModel->query(user_id = 1 and 'rid='1',*,,1)
#2 IWEB_PATH/controllers/simple.php(1000): IModel->getObj(user_id = 1 and 'rid='1')
#3 : Simple->favorite_add()
#4 IWEB_PATH/lib/web/action/inline_action.php(24): call_user_func()
#5 IWEB_PATH/lib/web/controller/controller_class.php(115): IInlineAction->run()
#6 IWEB_PATH/lib/core/webapplication_class.php(75): IController->run(favorite_add)
#7 IWEB_PATH/lib/core/application_class.php(93): IWebApplication->execRequest()
#8 IWEB_PATH/index.php(7): IApplication->run()
</ERROR_BLOCK>

<ERROR_BLOCK>
excepInfo: INSERT INTO iwebshop_favorite ( `user_id`,`seller_id`,`rid`,`time`,`cat_id` ) VALUES ( '1','1','0','2016-09-29 11:40:25','0' ) 
 -- Cannot add or update a child row: a foreign key constraint fails (`bshop`.`iwebshop_favorite`, CONSTRAINT `iwebshop_favorite_ibfk_2` FOREIGN KEY (`rid`) REFERENCES `iwebshop_goods` (`id`) ON DELETE CASCADE ON UPDATE CASCADE)
excepFile: IWEB_PATH/lib/db/db_class.php
excepLine: 152
excepCode: 1000
excepTime: 2016-09-29 11:40:25
#0 IWEB_PATH/lib/web/model/model_class.php(125): IDB->query(INSERT INTO iwebshop_favorite ( `user_id`,`seller_id`,`rid`,`time`,`cat_id` ) VALUES ( '1','1','0','2016-09-29 11:40:25','0' ) )
#1 IWEB_PATH/controllers/simple.php(1023): IModel->add()
#2 : Simple->favorite_add()
#3 IWEB_PATH/lib/web/action/inline_action.php(24): call_user_func()
#4 IWEB_PATH/lib/web/controller/controller_class.php(115): IInlineAction->run()
#5 IWEB_PATH/lib/core/webapplication_class.php(75): IController->run(favorite_add)
#6 IWEB_PATH/lib/core/application_class.php(93): IWebApplication->execRequest()
#7 IWEB_PATH/index.php(7): IApplication->run()
</ERROR_BLOCK>

<ERROR_BLOCK>
excepInfo: select * from iwebshop_quick_naviga  where admin_id =  and is_del = 0    limit 5000
 -- You have an error in your SQL syntax; check the manual that corresponds to your MySQL server version for the right syntax to use near 'and is_del = 0    limit 5000' at line 1
excepFile: IWEB_PATH/lib/db/db_class.php
excepLine: 119
excepCode: 1000
excepTime: 2016-09-29 11:54:49
#0 IWEB_PATH/lib/core/query_class.php(161): IDB->query(select * from iwebshop_quick_naviga  where admin_id =  and is_del = 0    limit 5000)
#1 IWEB_PATH/runtime/views/sysdefault/system/default.php(40): IQuery->find()
#2 IWEB_PATH/lib/web/controller/controllerbase_class.php(115): require(IWEB_PATH/runtime/views/sysdefault/system/default.php)
#3 IWEB_PATH/lib/web/controller/controllerbase_class.php(81): IControllerBase->requireFile(IWEB_PATH/runtime/views/sysdefault/system/default.php)
#4 IWEB_PATH/lib/web/controller/controller_class.php(166): IControllerBase->renderView(IWEB_PATH/views/sysdefault/system/default)
#5 IWEB_PATH/lib/web/action/view_action.php(32): IController->render(IWEB_PATH/views/sysdefault/system/default)
#6 IWEB_PATH/lib/web/controller/controller_class.php(115): IViewAction->run()
#7 IWEB_PATH/lib/core/webapplication_class.php(75): IController->run(default)
#8 IWEB_PATH/lib/core/application_class.php(93): IWebApplication->execRequest()
#9 IWEB_PATH/index.php(7): IApplication->run()
</ERROR_BLOCK>

<ERROR_BLOCK>
excepInfo: select * from iwebshop_quick_naviga  where admin_id =  and is_del = 0    limit 5000
 -- You have an error in your SQL syntax; check the manual that corresponds to your MySQL server version for the right syntax to use near 'and is_del = 0    limit 5000' at line 1
excepFile: IWEB_PATH/lib/db/db_class.php
excepLine: 119
excepCode: 1000
excepTime: 2016-09-29 14:27:42
#0 IWEB_PATH/lib/core/query_class.php(161): IDB->query(select * from iwebshop_quick_naviga  where admin_id =  and is_del = 0    limit 5000)
#1 IWEB_PATH/runtime/views/sysdefault/member/member_list.php(40): IQuery->find()
#2 IWEB_PATH/lib/web/controller/controllerbase_class.php(115): require(IWEB_PATH/runtime/views/sysdefault/member/member_list.php)
#3 IWEB_PATH/lib/web/controller/controllerbase_class.php(81): IControllerBase->requireFile(IWEB_PATH/runtime/views/sysdefault/member/member_list.php)
#4 IWEB_PATH/lib/web/controller/controller_class.php(166): IControllerBase->renderView(IWEB_PATH/views/sysdefault/member/member_list)
#5 IWEB_PATH/lib/web/action/view_action.php(32): IController->render(IWEB_PATH/views/sysdefault/member/member_list)
#6 IWEB_PATH/lib/web/controller/controller_class.php(367): IViewAction->run()
#7 IWEB_PATH/controllers/member.php(206): IController->redirect(member_list)
#8 : Member->member_list()
#9 IWEB_PATH/lib/web/action/inline_action.php(24): call_user_func()
#10 IWEB_PATH/lib/web/controller/controller_class.php(115): IInlineAction->run()
#11 IWEB_PATH/lib/core/webapplication_class.php(75): IController->run(member_list)
#12 IWEB_PATH/lib/core/application_class.php(93): IWebApplication->execRequest()
#13 IWEB_PATH/index.php(7): IApplication->run()
</ERROR_BLOCK>

<ERROR_BLOCK>
excepInfo: select * from iwebshop_quick_naviga  where admin_id =  and is_del = 0    limit 5000
 -- You have an error in your SQL syntax; check the manual that corresponds to your MySQL server version for the right syntax to use near 'and is_del = 0    limit 5000' at line 1
excepFile: IWEB_PATH/lib/db/db_class.php
excepLine: 119
excepCode: 1000
excepTime: 2016-09-29 14:33:04
#0 IWEB_PATH/lib/core/query_class.php(161): IDB->query(select * from iwebshop_quick_naviga  where admin_id =  and is_del = 0    limit 5000)
#1 IWEB_PATH/runtime/views/sysdefault/system/default.php(40): IQuery->find()
#2 IWEB_PATH/lib/web/controller/controllerbase_class.php(115): require(IWEB_PATH/runtime/views/sysdefault/system/default.php)
#3 IWEB_PATH/lib/web/controller/controllerbase_class.php(81): IControllerBase->requireFile(IWEB_PATH/runtime/views/sysdefault/system/default.php)
#4 IWEB_PATH/lib/web/controller/controller_class.php(166): IControllerBase->renderView(IWEB_PATH/views/sysdefault/system/default)
#5 IWEB_PATH/lib/web/action/view_action.php(32): IController->render(IWEB_PATH/views/sysdefault/system/default)
#6 IWEB_PATH/lib/web/controller/controller_class.php(115): IViewAction->run()
#7 IWEB_PATH/lib/core/webapplication_class.php(75): IController->run(default)
#8 IWEB_PATH/lib/core/application_class.php(93): IWebApplication->execRequest()
#9 IWEB_PATH/index.php(7): IApplication->run()
</ERROR_BLOCK>

<ERROR_BLOCK>
excepInfo: SELECT * FROM iwebshop_member as m,iwebshop_user as u WHERE m.user_id = u.id and m.user_id= limit 1
 -- You have an error in your SQL syntax; check the manual that corresponds to your MySQL server version for the right syntax to use near 'limit 1' at line 1
excepFile: IWEB_PATH/lib/db/db_class.php
excepLine: 119
excepCode: 1000
excepTime: 2016-09-29 14:36:02
#0 IWEB_PATH/lib/web/model/model_class.php(200): IDB->query(SELECT * FROM iwebshop_member as m,iwebshop_user as u WHERE m.user_id = u.id and m.user_id= limit 1)
#1 IWEB_PATH/lib/web/model/model_class.php(148): IModel->query(m.user_id = u.id and m.user_id=,*,,1)
#2 IWEB_PATH/classes/api/ucenter.php(61): IModel->getObj(m.user_id = u.id and m.user_id=)
#3 : APIUcenter->getMemberInfo()
#4 IWEB_PATH/classes/apple.php(88): call_user_func_array()
#5 IWEB_PATH/controllers/ucenter.php(18): apple::go(getMemberInfo)
#6 : Ucenter->index()
#7 IWEB_PATH/lib/web/action/inline_action.php(24): call_user_func()
#8 IWEB_PATH/lib/web/controller/controller_class.php(115): IInlineAction->run()
#9 IWEB_PATH/lib/core/webapplication_class.php(75): IController->run(index)
#10 IWEB_PATH/lib/core/application_class.php(93): IWebApplication->execRequest()
#11 IWEB_PATH/index.php(7): IApplication->run()
</ERROR_BLOCK>

<ERROR_BLOCK>
excepInfo: select count(*) as total from iwebshop_favorite as f left join iwebshop_goods  as go on go.id = f.rid where user_id = 1 and seller_id=0    
 -- Column 'seller_id' in where clause is ambiguous
excepFile: IWEB_PATH/lib/db/db_class.php
excepLine: 119
excepCode: 1000
excepTime: 2016-09-29 15:53:39
#0 IWEB_PATH/lib/core/paging_class.php(56): IDB->query(select count(*) as total from iwebshop_favorite as f left join iwebshop_goods  as go on go.id = f.rid where user_id = 1 and seller_id=0    )
#1 IWEB_PATH/lib/core/paging_class.php(41): IPaging->setSql(select  f.*,go.name,go.id as goods_id,go.img,go.store_nums,go.sell_price from iwebshop_favorite as f left join iwebshop_goods  as go on go.id = f.rid where user_id = 1 and seller_id=0    )
#2 IWEB_PATH/lib/core/query_class.php(151): IPaging->__construct(select  f.*,go.name,go.id as goods_id,go.img,go.store_nums,go.sell_price from iwebshop_favorite as f left join iwebshop_goods  as go on go.id = f.rid where user_id = 1 and seller_id=0    ,20,10)
#3 IWEB_PATH/runtime/views/default/ucenter/favorite.php(186): IQuery->find()
#4 IWEB_PATH/lib/web/controller/controllerbase_class.php(115): require(IWEB_PATH/runtime/views/default/ucenter/favorite.php)
#5 IWEB_PATH/lib/web/controller/controllerbase_class.php(81): IControllerBase->requireFile(IWEB_PATH/runtime/views/default/ucenter/favorite.php)
#6 IWEB_PATH/lib/web/controller/controller_class.php(166): IControllerBase->renderView(IWEB_PATH/views/default/ucenter/favorite)
#7 IWEB_PATH/lib/web/action/view_action.php(32): IController->render(IWEB_PATH/views/default/ucenter/favorite)
#8 IWEB_PATH/lib/web/controller/controller_class.php(115): IViewAction->run()
#9 IWEB_PATH/lib/core/webapplication_class.php(75): IController->run(favorite)
#10 IWEB_PATH/lib/core/application_class.php(93): IWebApplication->execRequest()
#11 IWEB_PATH/index.php(7): IApplication->run()
</ERROR_BLOCK>

<ERROR_BLOCK>
excepInfo: select * from iwebshop_quick_naviga  where admin_id =  and is_del = 0    limit 5000
 -- You have an error in your SQL syntax; check the manual that corresponds to your MySQL server version for the right syntax to use near 'and is_del = 0    limit 5000' at line 1
excepFile: IWEB_PATH/lib/db/db_class.php
excepLine: 119
excepCode: 1000
excepTime: 2016-09-29 16:06:22
#0 IWEB_PATH/lib/core/query_class.php(161): IDB->query(select * from iwebshop_quick_naviga  where admin_id =  and is_del = 0    limit 5000)
#1 IWEB_PATH/runtime/views/sysdefault/system/default.php(40): IQuery->find()
#2 IWEB_PATH/lib/web/controller/controllerbase_class.php(115): require(IWEB_PATH/runtime/views/sysdefault/system/default.php)
#3 IWEB_PATH/lib/web/controller/controllerbase_class.php(81): IControllerBase->requireFile(IWEB_PATH/runtime/views/sysdefault/system/default.php)
#4 IWEB_PATH/lib/web/controller/controller_class.php(166): IControllerBase->renderView(IWEB_PATH/views/sysdefault/system/default)
#5 IWEB_PATH/lib/web/action/view_action.php(32): IController->render(IWEB_PATH/views/sysdefault/system/default)
#6 IWEB_PATH/lib/web/controller/controller_class.php(115): IViewAction->run()
#7 IWEB_PATH/lib/core/webapplication_class.php(75): IController->run(default)
#8 IWEB_PATH/lib/core/application_class.php(93): IWebApplication->execRequest()
#9 IWEB_PATH/index.php(7): IApplication->run()
</ERROR_BLOCK>

<ERROR_BLOCK>
excepInfo: seldsect * from iwebshop_guide      limit 20
 -- You have an error in your SQL syntax; check the manual that corresponds to your MySQL server version for the right syntax to use near 'seldsect * from iwebshop_guide      limit 20' at line 1
excepFile: IWEB_PATH/lib/db/db_class.php
excepLine: 152
excepCode: 1000
excepTime: 2016-09-29 16:50:44
#0 IWEB_PATH/lib/core/query_class.php(161): IDB->query(seldsect * from iwebshop_guide      limit 20)
#1 IWEB_PATH/classes/apple.php(151): IQuery->find()
#2 IWEB_PATH/classes/apple.php(56): apple::query()
#3 IWEB_PATH/runtime/views/default/ucenter/favorite.php(29): apple::go(getGuideList)
#4 IWEB_PATH/lib/web/controller/controllerbase_class.php(115): require(IWEB_PATH/runtime/views/default/ucenter/favorite.php)
#5 IWEB_PATH/lib/web/controller/controllerbase_class.php(81): IControllerBase->requireFile(IWEB_PATH/runtime/views/default/ucenter/favorite.php)
#6 IWEB_PATH/lib/web/controller/controller_class.php(166): IControllerBase->renderView(IWEB_PATH/views/default/ucenter/favorite)
#7 IWEB_PATH/lib/web/action/view_action.php(32): IController->render(IWEB_PATH/views/default/ucenter/favorite)
#8 IWEB_PATH/lib/web/controller/controller_class.php(115): IViewAction->run()
#9 IWEB_PATH/lib/core/webapplication_class.php(75): IController->run(favorite)
#10 IWEB_PATH/lib/core/application_class.php(93): IWebApplication->execRequest()
#11 IWEB_PATH/index.php(7): IApplication->run()
</ERROR_BLOCK>

<ERROR_BLOCK>
excepInfo: select * from iwebshop_address  where user_id = 1   order by is_defult desc limit 0,10
 -- Unknown column 'is_defult' in 'order clause'
excepFile: IWEB_PATH/lib/db/db_class.php
excepLine: 119
excepCode: 1000
excepTime: 2016-09-29 17:16:44
#0 IWEB_PATH/lib/core/paging_class.php(96): IDB->query(select * from iwebshop_address  where user_id = 1   order by is_defult desc limit 0,10)
#1 IWEB_PATH/lib/core/query_class.php(152): IPaging->getPage(1)
#2 IWEB_PATH/controllers/ucenter.php(187): IQuery->find()
#3 : Ucenter->address()
#4 IWEB_PATH/lib/web/action/inline_action.php(24): call_user_func()
#5 IWEB_PATH/lib/web/controller/controller_class.php(115): IInlineAction->run()
#6 IWEB_PATH/lib/core/webapplication_class.php(75): IController->run(address)
#7 IWEB_PATH/lib/core/application_class.php(93): IWebApplication->execRequest()
#8 IWEB_PATH/index.php(7): IApplication->run()
</ERROR_BLOCK>

<ERROR_BLOCK>
excepInfo: SELECT * FROM iwebshop_user WHERE id =  limit 1
 -- You have an error in your SQL syntax; check the manual that corresponds to your MySQL server version for the right syntax to use near 'limit 1' at line 1
excepFile: IWEB_PATH/lib/db/db_class.php
excepLine: 119
excepCode: 1000
excepTime: 2016-09-29 17:32:06
#0 IWEB_PATH/lib/web/model/model_class.php(200): IDB->query(SELECT * FROM iwebshop_user WHERE id =  limit 1)
#1 IWEB_PATH/lib/web/model/model_class.php(148): IModel->query(id = ,*,,1)
#2 IWEB_PATH/controllers/ucenter.php(489): IModel->getObj(id = )
#3 : Ucenter->info()
#4 IWEB_PATH/lib/web/action/inline_action.php(24): call_user_func()
#5 IWEB_PATH/lib/web/controller/controller_class.php(115): IInlineAction->run()
#6 IWEB_PATH/lib/core/webapplication_class.php(75): IController->run(info)
#7 IWEB_PATH/lib/core/application_class.php(93): IWebApplication->execRequest()
#8 IWEB_PATH/index.php(7): IApplication->run()
</ERROR_BLOCK>

