<ERROR_BLOCK>
excepInfo: SELECT * FROM iwebshop_member as m,iwebshop_user as u WHERE m.user_id = u.id and m.user_id= limit 1
 -- You have an error in your SQL syntax; check the manual that corresponds to your MySQL server version for the right syntax to use near 'limit 1' at line 1
excepFile: IWEB_PATH/lib/db/db_class.php
excepLine: 119
excepCode: 1000
excepTime: 2016-09-26 11:42:24
#0 IWEB_PATH/lib/web/model/model_class.php(200): IDB->query(SELECT * FROM iwebshop_member as m,iwebshop_user as u WHERE m.user_id = u.id and m.user_id= limit 1)
#1 IWEB_PATH/lib/web/model/model_class.php(148): IModel->query(m.user_id = u.id and m.user_id=,*,,1)
#2 IWEB_PATH/classes/api/ucenter.php(61): IModel->getObj(m.user_id = u.id and m.user_id=)
#3 : APIUcenter->getMemberInfo()
#4 IWEB_PATH/classes/apple.php(88): call_user_func_array()
#5 IWEB_PATH/controllers/ucenter.php(18): apple::go(getMemberInfo)
#6 : Ucenter->index()
#7 IWEB_PATH/lib/web/action/inline_action.php(24): call_user_func()
#8 IWEB_PATH/lib/web/controller/controller_class.php(115): IInlineAction->run()
#9 IWEB_PATH/lib/core/webapplication_class.php(75): IController->run(index)
#10 IWEB_PATH/lib/core/application_class.php(94): IWebApplication->execRequest()
#11 IWEB_PATH/index.php(5): IApplication->run()
</ERROR_BLOCK>

<ERROR_BLOCK>
excepInfo: select u.id as uid,u.username,m.true_name,u.password,m.expires_time,m.member_card,m.mobile,m.email,m.area,m.contact_addr,m.qq,m.sex,m.user_type,m.group_id  as user_group,m.birthday,m.point,m.zip,m.status,m.last_login from iwebshop_user as u left join iwebshop_member  as m on m.user_id = u.id where m.mobile='15995850157'    limit 5000
 -- Unknown column 'm.expires_time' in 'field list'
excepFile: IWEB_PATH/lib/db/db_class.php
excepLine: 119
excepCode: 1000
excepTime: 2016-09-26 14:49:33
#0 IWEB_PATH/lib/core/query_class.php(161): IDB->query(select u.id as uid,u.username,m.true_name,u.password,m.expires_time,m.member_card,m.mobile,m.email,m.area,m.contact_addr,m.qq,m.sex,m.user_type,m.group_id  as user_group,m.birthday,m.point,m.zip,m.status,m.last_login from iwebshop_user as u left join iwebshop_member  as m on m.user_id = u.id where m.mobile='15995850157'    limit 5000)
#1 IWEB_PATH/controllers/api.php(853): IQuery->find()
#2 IWEB_PATH/controllers/api.php(671): Api->seller_app_get_user_info(,15995850157,1)
#3 IWEB_PATH/controllers/api.php(74): Api->reply_camera_post()
#4 : Api->seller_app()
#5 IWEB_PATH/lib/web/action/inline_action.php(24): call_user_func()
#6 IWEB_PATH/lib/web/controller/controller_class.php(115): IInlineAction->run()
#7 IWEB_PATH/lib/core/webapplication_class.php(75): IController->run(seller_app)
#8 IWEB_PATH/lib/core/application_class.php(94): IWebApplication->execRequest()
#9 IWEB_PATH/index.php(5): IApplication->run()
</ERROR_BLOCK>

<ERROR_BLOCK>
excepInfo: select count(*) as total from iwebshop_camera_user as o  where seller_id =   
 -- You have an error in your SQL syntax; check the manual that corresponds to your MySQL server version for the right syntax to use near '' at line 1
excepFile: IWEB_PATH/lib/db/db_class.php
excepLine: 119
excepCode: 1000
excepTime: 2016-09-26 16:41:12
#0 IWEB_PATH/lib/core/paging_class.php(56): IDB->query(select count(*) as total from iwebshop_camera_user as o  where seller_id =   )
#1 IWEB_PATH/lib/core/paging_class.php(41): IPaging->setSql(select * from iwebshop_camera_user as o  where seller_id =   order by o.id desc)
#2 IWEB_PATH/lib/core/query_class.php(151): IPaging->__construct(select * from iwebshop_camera_user as o  where seller_id =   order by o.id desc,20,10)
#3 IWEB_PATH/runtime/views/sysseller/seller/camera_user_list.php(100): IQuery->find()
#4 IWEB_PATH/lib/web/controller/controllerbase_class.php(115): require(IWEB_PATH/runtime/views/sysseller/seller/camera_user_list.php)
#5 IWEB_PATH/lib/web/controller/controllerbase_class.php(81): IControllerBase->requireFile(IWEB_PATH/runtime/views/sysseller/seller/camera_user_list.php)
#6 IWEB_PATH/lib/web/controller/controller_class.php(166): IControllerBase->renderView(IWEB_PATH/views/sysseller/seller/camera_user_list)
#7 IWEB_PATH/lib/web/action/view_action.php(32): IController->render(IWEB_PATH/views/sysseller/seller/camera_user_list)
#8 IWEB_PATH/lib/web/controller/controller_class.php(367): IViewAction->run()
#9 IWEB_PATH/controllers/seller.php(504): IController->redirect(camera_user_list)
#10 : Seller->camera_user_list()
#11 IWEB_PATH/lib/web/action/inline_action.php(24): call_user_func()
#12 IWEB_PATH/lib/web/controller/controller_class.php(115): IInlineAction->run()
#13 IWEB_PATH/lib/core/webapplication_class.php(75): IController->run(camera_user_list)
#14 IWEB_PATH/lib/core/application_class.php(94): IWebApplication->execRequest()
#15 IWEB_PATH/index.php(5): IApplication->run()
</ERROR_BLOCK>

<ERROR_BLOCK>
excepInfo: select count(*) as total from iwebshop_order  where user_id = and if_del= 0   
 -- You have an error in your SQL syntax; check the manual that corresponds to your MySQL server version for the right syntax to use near 'and if_del= 0' at line 1
excepFile: IWEB_PATH/lib/db/db_class.php
excepLine: 119
excepCode: 1000
excepTime: 2016-09-26 16:57:11
#0 IWEB_PATH/lib/core/paging_class.php(56): IDB->query(select count(*) as total from iwebshop_order  where user_id = and if_del= 0   )
#1 IWEB_PATH/lib/core/paging_class.php(41): IPaging->setSql(select * from iwebshop_order  where user_id = and if_del= 0   order by id desc)
#2 IWEB_PATH/lib/core/query_class.php(151): IPaging->__construct(select * from iwebshop_order  where user_id = and if_del= 0   order by id desc,20,10)
#3 IWEB_PATH/runtime/views/default/ucenter/order.php(166): IQuery->find()
#4 IWEB_PATH/lib/web/controller/controllerbase_class.php(115): require(IWEB_PATH/runtime/views/default/ucenter/order.php)
#5 IWEB_PATH/lib/web/controller/controllerbase_class.php(81): IControllerBase->requireFile(IWEB_PATH/runtime/views/default/ucenter/order.php)
#6 IWEB_PATH/lib/web/controller/controller_class.php(166): IControllerBase->renderView(IWEB_PATH/views/default/ucenter/order)
#7 IWEB_PATH/lib/web/action/view_action.php(32): IController->render(IWEB_PATH/views/default/ucenter/order)
#8 IWEB_PATH/lib/web/controller/controller_class.php(367): IViewAction->run()
#9 IWEB_PATH/controllers/ucenter.php(95): IController->redirect(order)
#10 : Ucenter->order()
#11 IWEB_PATH/lib/web/action/inline_action.php(24): call_user_func()
#12 IWEB_PATH/lib/web/controller/controller_class.php(115): IInlineAction->run()
#13 IWEB_PATH/lib/core/webapplication_class.php(75): IController->run(order)
#14 IWEB_PATH/lib/core/application_class.php(94): IWebApplication->execRequest()
#15 IWEB_PATH/index.php(5): IApplication->run()
</ERROR_BLOCK>

<ERROR_BLOCK>
excepInfo: SELECT * FROM iwebshop_member as m,iwebshop_user as u WHERE m.user_id = u.id and m.user_id= limit 1
 -- You have an error in your SQL syntax; check the manual that corresponds to your MySQL server version for the right syntax to use near 'limit 1' at line 1
excepFile: IWEB_PATH/lib/db/db_class.php
excepLine: 119
excepCode: 1000
excepTime: 2016-09-26 16:58:45
#0 IWEB_PATH/lib/web/model/model_class.php(200): IDB->query(SELECT * FROM iwebshop_member as m,iwebshop_user as u WHERE m.user_id = u.id and m.user_id= limit 1)
#1 IWEB_PATH/lib/web/model/model_class.php(148): IModel->query(m.user_id = u.id and m.user_id=,*,,1)
#2 IWEB_PATH/classes/api/ucenter.php(61): IModel->getObj(m.user_id = u.id and m.user_id=)
#3 : APIUcenter->getMemberInfo()
#4 IWEB_PATH/classes/apple.php(88): call_user_func_array()
#5 IWEB_PATH/controllers/ucenter.php(18): apple::go(getMemberInfo)
#6 : Ucenter->index()
#7 IWEB_PATH/lib/web/action/inline_action.php(24): call_user_func()
#8 IWEB_PATH/lib/web/controller/controller_class.php(115): IInlineAction->run()
#9 IWEB_PATH/lib/core/webapplication_class.php(75): IController->run(index)
#10 IWEB_PATH/lib/core/application_class.php(94): IWebApplication->execRequest()
#11 IWEB_PATH/index.php(5): IApplication->run()
</ERROR_BLOCK>

