<ERROR_BLOCK>
excepInfo: select * from iwebshop_quick_naviga  where admin_id =  and is_del = 0    limit 5000
 -- You have an error in your SQL syntax; check the manual that corresponds to your MySQL server version for the right syntax to use near 'and is_del = 0    limit 5000' at line 1
excepFile: IWEB_PATH/lib/db/db_class.php
excepLine: 119
excepCode: 1000
excepTime: 2016-10-08 08:35:22
#0 IWEB_PATH/lib/core/query_class.php(161): IDB->query(select * from iwebshop_quick_naviga  where admin_id =  and is_del = 0    limit 5000)
#1 IWEB_PATH/runtime/views/sysdefault/system/hsms.php(40): IQuery->find()
#2 IWEB_PATH/lib/web/controller/controllerbase_class.php(115): require(IWEB_PATH/runtime/views/sysdefault/system/hsms.php)
#3 IWEB_PATH/lib/web/controller/controllerbase_class.php(81): IControllerBase->requireFile(IWEB_PATH/runtime/views/sysdefault/system/hsms.php)
#4 IWEB_PATH/lib/web/controller/controller_class.php(166): IControllerBase->renderView(IWEB_PATH/views/sysdefault/system/hsms)
#5 IWEB_PATH/lib/web/action/view_action.php(32): IController->render(IWEB_PATH/views/sysdefault/system/hsms)
#6 IWEB_PATH/lib/web/controller/controller_class.php(115): IViewAction->run()
#7 IWEB_PATH/lib/core/webapplication_class.php(75): IController->run(hsms)
#8 IWEB_PATH/lib/core/application_class.php(93): IWebApplication->execRequest()
#9 IWEB_PATH/index.php(7): IApplication->run()
</ERROR_BLOCK>

<ERROR_BLOCK>
excepInfo: SELECT * FROM iwebshop_member as m,iwebshop_user as u WHERE m.user_id = u.id and m.user_id= limit 1
 -- You have an error in your SQL syntax; check the manual that corresponds to your MySQL server version for the right syntax to use near 'limit 1' at line 1
excepFile: IWEB_PATH/lib/db/db_class.php
excepLine: 119
excepCode: 1000
excepTime: 2016-10-08 08:35:38
#0 IWEB_PATH/lib/web/model/model_class.php(198): IDB->query(SELECT * FROM iwebshop_member as m,iwebshop_user as u WHERE m.user_id = u.id and m.user_id= limit 1)
#1 IWEB_PATH/lib/web/model/model_class.php(146): IModel->query(m.user_id = u.id and m.user_id=,*,,1)
#2 IWEB_PATH/classes/api/ucenter.php(61): IModel->getObj(m.user_id = u.id and m.user_id=)
#3 : APIUcenter->getMemberInfo()
#4 IWEB_PATH/classes/apple.php(88): call_user_func_array()
#5 IWEB_PATH/controllers/ucenter.php(18): apple::go(getMemberInfo)
#6 : Ucenter->index()
#7 IWEB_PATH/lib/web/action/inline_action.php(24): call_user_func()
#8 IWEB_PATH/lib/web/controller/controller_class.php(115): IInlineAction->run()
#9 IWEB_PATH/lib/core/webapplication_class.php(75): IController->run(index)
#10 IWEB_PATH/lib/core/application_class.php(93): IWebApplication->execRequest()
#11 IWEB_PATH/index.php(7): IApplication->run()
</ERROR_BLOCK>

<ERROR_BLOCK>
excepInfo: select count(*) as total from iwebshop_account_log  where user_id = 1 and daetime >= "2016-07-10"   
 -- Unknown column 'daetime' in 'where clause'
excepFile: IWEB_PATH/lib/db/db_class.php
excepLine: 119
excepCode: 1000
excepTime: 2016-10-08 08:38:31
#0 IWEB_PATH/lib/core/paging_class.php(56): IDB->query(select count(*) as total from iwebshop_account_log  where user_id = 1 and daetime >= "2016-07-10"   )
#1 IWEB_PATH/lib/core/paging_class.php(41): IPaging->setSql(select * from iwebshop_account_log  where user_id = 1 and daetime >= "2016-07-10"   order by id desc)
#2 IWEB_PATH/lib/core/query_class.php(151): IPaging->__construct(select * from iwebshop_account_log  where user_id = 1 and daetime >= "2016-07-10"   order by id desc,20,10)
#3 IWEB_PATH/runtime/views/default/ucenter/account_log.php(196): IQuery->find()
#4 IWEB_PATH/lib/web/controller/controllerbase_class.php(115): require(IWEB_PATH/runtime/views/default/ucenter/account_log.php)
#5 IWEB_PATH/lib/web/controller/controllerbase_class.php(81): IControllerBase->requireFile(IWEB_PATH/runtime/views/default/ucenter/account_log.php)
#6 IWEB_PATH/lib/web/controller/controller_class.php(166): IControllerBase->renderView(IWEB_PATH/views/default/ucenter/account_log)
#7 IWEB_PATH/lib/web/action/view_action.php(32): IController->render(IWEB_PATH/views/default/ucenter/account_log)
#8 IWEB_PATH/lib/web/controller/controller_class.php(367): IViewAction->run()
#9 IWEB_PATH/controllers/ucenter.php(665): IController->redirect(account_log)
#10 : Ucenter->account_log()
#11 IWEB_PATH/lib/web/action/inline_action.php(24): call_user_func()
#12 IWEB_PATH/lib/web/controller/controller_class.php(115): IInlineAction->run()
#13 IWEB_PATH/lib/core/webapplication_class.php(75): IController->run(account_log)
#14 IWEB_PATH/lib/core/application_class.php(93): IWebApplication->execRequest()
#15 IWEB_PATH/index.php(7): IApplication->run()
</ERROR_BLOCK>

<ERROR_BLOCK>
excepInfo: select count(*) as total from iwebshop_account_log  where user_id = 1 and daetime >= "2016-07-10"   
 -- Unknown column 'daetime' in 'where clause'
excepFile: IWEB_PATH/lib/db/db_class.php
excepLine: 119
excepCode: 1000
excepTime: 2016-10-08 08:38:39
#0 IWEB_PATH/lib/core/paging_class.php(56): IDB->query(select count(*) as total from iwebshop_account_log  where user_id = 1 and daetime >= "2016-07-10"   )
#1 IWEB_PATH/lib/core/paging_class.php(41): IPaging->setSql(select * from iwebshop_account_log  where user_id = 1 and daetime >= "2016-07-10"   order by id desc)
#2 IWEB_PATH/lib/core/query_class.php(151): IPaging->__construct(select * from iwebshop_account_log  where user_id = 1 and daetime >= "2016-07-10"   order by id desc,20,10)
#3 IWEB_PATH/runtime/views/default/ucenter/account_log.php(196): IQuery->find()
#4 IWEB_PATH/lib/web/controller/controllerbase_class.php(115): require(IWEB_PATH/runtime/views/default/ucenter/account_log.php)
#5 IWEB_PATH/lib/web/controller/controllerbase_class.php(81): IControllerBase->requireFile(IWEB_PATH/runtime/views/default/ucenter/account_log.php)
#6 IWEB_PATH/lib/web/controller/controller_class.php(166): IControllerBase->renderView(IWEB_PATH/views/default/ucenter/account_log)
#7 IWEB_PATH/lib/web/action/view_action.php(32): IController->render(IWEB_PATH/views/default/ucenter/account_log)
#8 IWEB_PATH/lib/web/controller/controller_class.php(367): IViewAction->run()
#9 IWEB_PATH/controllers/ucenter.php(665): IController->redirect(account_log)
#10 : Ucenter->account_log()
#11 IWEB_PATH/lib/web/action/inline_action.php(24): call_user_func()
#12 IWEB_PATH/lib/web/controller/controller_class.php(115): IInlineAction->run()
#13 IWEB_PATH/lib/core/webapplication_class.php(75): IController->run(account_log)
#14 IWEB_PATH/lib/core/application_class.php(93): IWebApplication->execRequest()
#15 IWEB_PATH/index.php(7): IApplication->run()
</ERROR_BLOCK>

<ERROR_BLOCK>
excepInfo: select * from iwebshop_quick_naviga  where admin_id =  and is_del = 0    limit 5000
 -- You have an error in your SQL syntax; check the manual that corresponds to your MySQL server version for the right syntax to use near 'and is_del = 0    limit 5000' at line 1
excepFile: IWEB_PATH/lib/db/db_class.php
excepLine: 119
excepCode: 1000
excepTime: 2016-10-08 08:45:07
#0 IWEB_PATH/lib/core/query_class.php(161): IDB->query(select * from iwebshop_quick_naviga  where admin_id =  and is_del = 0    limit 5000)
#1 IWEB_PATH/runtime/views/sysdefault/system/hsms.php(40): IQuery->find()
#2 IWEB_PATH/lib/web/controller/controllerbase_class.php(115): require(IWEB_PATH/runtime/views/sysdefault/system/hsms.php)
#3 IWEB_PATH/lib/web/controller/controllerbase_class.php(81): IControllerBase->requireFile(IWEB_PATH/runtime/views/sysdefault/system/hsms.php)
#4 IWEB_PATH/lib/web/controller/controller_class.php(166): IControllerBase->renderView(IWEB_PATH/views/sysdefault/system/hsms)
#5 IWEB_PATH/lib/web/action/view_action.php(32): IController->render(IWEB_PATH/views/sysdefault/system/hsms)
#6 IWEB_PATH/lib/web/controller/controller_class.php(115): IViewAction->run()
#7 IWEB_PATH/lib/core/webapplication_class.php(75): IController->run(hsms)
#8 IWEB_PATH/lib/core/application_class.php(93): IWebApplication->execRequest()
#9 IWEB_PATH/index.php(7): IApplication->run()
</ERROR_BLOCK>

<ERROR_BLOCK>
excepInfo: select count(*) as total from iwebshop_order  where where where user_id =1 and if_del= 0   
 -- You have an error in your SQL syntax; check the manual that corresponds to your MySQL server version for the right syntax to use near 'where where user_id =1 and if_del= 0' at line 1
excepFile: IWEB_PATH/lib/db/db_class.php
excepLine: 119
excepCode: 1000
excepTime: 2016-10-08 13:53:39
#0 IWEB_PATH/lib/core/paging_class.php(56): IDB->query(select count(*) as total from iwebshop_order  where where where user_id =1 and if_del= 0   )
#1 IWEB_PATH/lib/core/paging_class.php(41): IPaging->setSql(select * from iwebshop_order  where where where user_id =1 and if_del= 0   order by id desc)
#2 IWEB_PATH/lib/core/query_class.php(151): IPaging->__construct(select * from iwebshop_order  where where where user_id =1 and if_del= 0   order by id desc,10,10)
#3 IWEB_PATH/runtime/views/default/ucenter/order.php(186): IQuery->find()
#4 IWEB_PATH/lib/web/controller/controllerbase_class.php(115): require(IWEB_PATH/runtime/views/default/ucenter/order.php)
#5 IWEB_PATH/lib/web/controller/controllerbase_class.php(81): IControllerBase->requireFile(IWEB_PATH/runtime/views/default/ucenter/order.php)
#6 IWEB_PATH/lib/web/controller/controller_class.php(166): IControllerBase->renderView(IWEB_PATH/views/default/ucenter/order)
#7 IWEB_PATH/lib/web/action/view_action.php(32): IController->render(IWEB_PATH/views/default/ucenter/order)
#8 IWEB_PATH/lib/web/controller/controller_class.php(367): IViewAction->run()
#9 IWEB_PATH/controllers/ucenter.php(95): IController->redirect(order)
#10 : Ucenter->order()
#11 IWEB_PATH/lib/web/action/inline_action.php(24): call_user_func()
#12 IWEB_PATH/lib/web/controller/controller_class.php(115): IInlineAction->run()
#13 IWEB_PATH/lib/core/webapplication_class.php(75): IController->run(order)
#14 IWEB_PATH/lib/core/application_class.php(93): IWebApplication->execRequest()
#15 IWEB_PATH/index.php(7): IApplication->run()
</ERROR_BLOCK>

<ERROR_BLOCK>
excepInfo: select count(*) as total from iwebshop_order  where user_id =1 and if_del= 0 and status= and seller_id=   
 -- You have an error in your SQL syntax; check the manual that corresponds to your MySQL server version for the right syntax to use near 'and seller_id=' at line 1
excepFile: IWEB_PATH/lib/db/db_class.php
excepLine: 119
excepCode: 1000
excepTime: 2016-10-08 14:50:24
#0 IWEB_PATH/lib/core/paging_class.php(56): IDB->query(select count(*) as total from iwebshop_order  where user_id =1 and if_del= 0 and status= and seller_id=   )
#1 IWEB_PATH/lib/core/paging_class.php(41): IPaging->setSql(select * from iwebshop_order  where user_id =1 and if_del= 0 and status= and seller_id=   order by id desc)
#2 IWEB_PATH/lib/core/query_class.php(151): IPaging->__construct(select * from iwebshop_order  where user_id =1 and if_del= 0 and status= and seller_id=   order by id desc,10,10)
#3 IWEB_PATH/runtime/views/default/ucenter/order.php(186): IQuery->find()
#4 IWEB_PATH/lib/web/controller/controllerbase_class.php(115): require(IWEB_PATH/runtime/views/default/ucenter/order.php)
#5 IWEB_PATH/lib/web/controller/controllerbase_class.php(81): IControllerBase->requireFile(IWEB_PATH/runtime/views/default/ucenter/order.php)
#6 IWEB_PATH/lib/web/controller/controller_class.php(166): IControllerBase->renderView(IWEB_PATH/views/default/ucenter/order)
#7 IWEB_PATH/lib/web/action/view_action.php(32): IController->render(IWEB_PATH/views/default/ucenter/order)
#8 IWEB_PATH/lib/web/controller/controller_class.php(367): IViewAction->run()
#9 IWEB_PATH/controllers/ucenter.php(95): IController->redirect(order)
#10 : Ucenter->order()
#11 IWEB_PATH/lib/web/action/inline_action.php(24): call_user_func()
#12 IWEB_PATH/lib/web/controller/controller_class.php(115): IInlineAction->run()
#13 IWEB_PATH/lib/core/webapplication_class.php(75): IController->run(order)
#14 IWEB_PATH/lib/core/application_class.php(93): IWebApplication->execRequest()
#15 IWEB_PATH/index.php(7): IApplication->run()
</ERROR_BLOCK>

<ERROR_BLOCK>
excepInfo: select count(*) as total from iwebshop_order  where user_id =1 and if_del= 0 and status=   
 -- You have an error in your SQL syntax; check the manual that corresponds to your MySQL server version for the right syntax to use near '' at line 1
excepFile: IWEB_PATH/lib/db/db_class.php
excepLine: 119
excepCode: 1000
excepTime: 2016-10-08 15:29:43
#0 IWEB_PATH/lib/core/paging_class.php(56): IDB->query(select count(*) as total from iwebshop_order  where user_id =1 and if_del= 0 and status=   )
#1 IWEB_PATH/lib/core/paging_class.php(41): IPaging->setSql(select * from iwebshop_order  where user_id =1 and if_del= 0 and status=   order by id desc)
#2 IWEB_PATH/lib/core/query_class.php(151): IPaging->__construct(select * from iwebshop_order  where user_id =1 and if_del= 0 and status=   order by id desc,10,10)
#3 IWEB_PATH/runtime/views/default/ucenter/order.php(186): IQuery->find()
#4 IWEB_PATH/lib/web/controller/controllerbase_class.php(115): require(IWEB_PATH/runtime/views/default/ucenter/order.php)
#5 IWEB_PATH/lib/web/controller/controllerbase_class.php(81): IControllerBase->requireFile(IWEB_PATH/runtime/views/default/ucenter/order.php)
#6 IWEB_PATH/lib/web/controller/controller_class.php(166): IControllerBase->renderView(IWEB_PATH/views/default/ucenter/order)
#7 IWEB_PATH/lib/web/action/view_action.php(32): IController->render(IWEB_PATH/views/default/ucenter/order)
#8 IWEB_PATH/lib/web/controller/controller_class.php(367): IViewAction->run()
#9 IWEB_PATH/controllers/ucenter.php(97): IController->redirect(order)
#10 : Ucenter->order()
#11 IWEB_PATH/lib/web/action/inline_action.php(24): call_user_func()
#12 IWEB_PATH/lib/web/controller/controller_class.php(115): IInlineAction->run()
#13 IWEB_PATH/lib/core/webapplication_class.php(75): IController->run(order)
#14 IWEB_PATH/lib/core/application_class.php(93): IWebApplication->execRequest()
#15 IWEB_PATH/index.php(7): IApplication->run()
</ERROR_BLOCK>

<ERROR_BLOCK>
excepInfo: select count(*) as total from iwebshop_order  where user_id =1 and if_del= 0 and status=   
 -- You have an error in your SQL syntax; check the manual that corresponds to your MySQL server version for the right syntax to use near '' at line 1
excepFile: IWEB_PATH/lib/db/db_class.php
excepLine: 119
excepCode: 1000
excepTime: 2016-10-08 15:29:51
#0 IWEB_PATH/lib/core/paging_class.php(56): IDB->query(select count(*) as total from iwebshop_order  where user_id =1 and if_del= 0 and status=   )
#1 IWEB_PATH/lib/core/paging_class.php(41): IPaging->setSql(select * from iwebshop_order  where user_id =1 and if_del= 0 and status=   order by id desc)
#2 IWEB_PATH/lib/core/query_class.php(151): IPaging->__construct(select * from iwebshop_order  where user_id =1 and if_del= 0 and status=   order by id desc,10,10)
#3 IWEB_PATH/runtime/views/default/ucenter/order.php(186): IQuery->find()
#4 IWEB_PATH/lib/web/controller/controllerbase_class.php(115): require(IWEB_PATH/runtime/views/default/ucenter/order.php)
#5 IWEB_PATH/lib/web/controller/controllerbase_class.php(81): IControllerBase->requireFile(IWEB_PATH/runtime/views/default/ucenter/order.php)
#6 IWEB_PATH/lib/web/controller/controller_class.php(166): IControllerBase->renderView(IWEB_PATH/views/default/ucenter/order)
#7 IWEB_PATH/lib/web/action/view_action.php(32): IController->render(IWEB_PATH/views/default/ucenter/order)
#8 IWEB_PATH/lib/web/controller/controller_class.php(367): IViewAction->run()
#9 IWEB_PATH/controllers/ucenter.php(97): IController->redirect(order)
#10 : Ucenter->order()
#11 IWEB_PATH/lib/web/action/inline_action.php(24): call_user_func()
#12 IWEB_PATH/lib/web/controller/controller_class.php(115): IInlineAction->run()
#13 IWEB_PATH/lib/core/webapplication_class.php(75): IController->run(order)
#14 IWEB_PATH/lib/core/application_class.php(93): IWebApplication->execRequest()
#15 IWEB_PATH/index.php(7): IApplication->run()
</ERROR_BLOCK>

<ERROR_BLOCK>
excepInfo: select * from iwebshop_order  as o left join iwebshop_seller  as d on o.seller_id = d.id where  user_id = #user_id# and if_del = 0    order by o.id desc limit 1
 -- You have an error in your SQL syntax; check the manual that corresponds to your MySQL server version for the right syntax to use near '' at line 1
excepFile: IWEB_PATH/lib/db/db_class.php
excepLine: 119
excepCode: 1000
excepTime: 2016-10-08 15:45:50
#0 IWEB_PATH/lib/core/query_class.php(161): IDB->query(select * from iwebshop_order  as o left join iwebshop_seller  as d on o.seller_id = d.id where  user_id = #user_id# and if_del = 0    order by o.id desc limit 1)
#1 IWEB_PATH/classes/apple.php(151): IQuery->find()
#2 IWEB_PATH/classes/apple.php(56): apple::query()
#3 IWEB_PATH/runtime/views/default/ucenter/order.php(160): apple::go(getSellerGroup,1)
#4 IWEB_PATH/lib/web/controller/controllerbase_class.php(115): require(IWEB_PATH/runtime/views/default/ucenter/order.php)
#5 IWEB_PATH/lib/web/controller/controllerbase_class.php(81): IControllerBase->requireFile(IWEB_PATH/runtime/views/default/ucenter/order.php)
#6 IWEB_PATH/lib/web/controller/controller_class.php(166): IControllerBase->renderView(IWEB_PATH/views/default/ucenter/order)
#7 IWEB_PATH/lib/web/action/view_action.php(32): IController->render(IWEB_PATH/views/default/ucenter/order)
#8 IWEB_PATH/lib/web/controller/controller_class.php(367): IViewAction->run()
#9 IWEB_PATH/controllers/ucenter.php(97): IController->redirect(order)
#10 : Ucenter->order()
#11 IWEB_PATH/lib/web/action/inline_action.php(24): call_user_func()
#12 IWEB_PATH/lib/web/controller/controller_class.php(115): IInlineAction->run()
#13 IWEB_PATH/lib/core/webapplication_class.php(75): IController->run(order)
#14 IWEB_PATH/lib/core/application_class.php(93): IWebApplication->execRequest()
#15 IWEB_PATH/index.php(7): IApplication->run()
</ERROR_BLOCK>

<ERROR_BLOCK>
excepInfo: select * from iwebshop_order  as o left join iwebshop_seller  as d on o.seller_id = d.id where  user_id = #user_id# and if_del = 0    order by o.id desc limit 1
 -- You have an error in your SQL syntax; check the manual that corresponds to your MySQL server version for the right syntax to use near '' at line 1
excepFile: IWEB_PATH/lib/db/db_class.php
excepLine: 119
excepCode: 1000
excepTime: 2016-10-08 15:46:09
#0 IWEB_PATH/lib/core/query_class.php(161): IDB->query(select * from iwebshop_order  as o left join iwebshop_seller  as d on o.seller_id = d.id where  user_id = #user_id# and if_del = 0    order by o.id desc limit 1)
#1 IWEB_PATH/classes/apple.php(151): IQuery->find()
#2 IWEB_PATH/classes/apple.php(56): apple::query()
#3 IWEB_PATH/runtime/views/default/ucenter/order.php(160): apple::go(getSellerGroup,1)
#4 IWEB_PATH/lib/web/controller/controllerbase_class.php(115): require(IWEB_PATH/runtime/views/default/ucenter/order.php)
#5 IWEB_PATH/lib/web/controller/controllerbase_class.php(81): IControllerBase->requireFile(IWEB_PATH/runtime/views/default/ucenter/order.php)
#6 IWEB_PATH/lib/web/controller/controller_class.php(166): IControllerBase->renderView(IWEB_PATH/views/default/ucenter/order)
#7 IWEB_PATH/lib/web/action/view_action.php(32): IController->render(IWEB_PATH/views/default/ucenter/order)
#8 IWEB_PATH/lib/web/controller/controller_class.php(367): IViewAction->run()
#9 IWEB_PATH/controllers/ucenter.php(97): IController->redirect(order)
#10 : Ucenter->order()
#11 IWEB_PATH/lib/web/action/inline_action.php(24): call_user_func()
#12 IWEB_PATH/lib/web/controller/controller_class.php(115): IInlineAction->run()
#13 IWEB_PATH/lib/core/webapplication_class.php(75): IController->run(order)
#14 IWEB_PATH/lib/core/application_class.php(93): IWebApplication->execRequest()
#15 IWEB_PATH/index.php(7): IApplication->run()
</ERROR_BLOCK>

<ERROR_BLOCK>
excepInfo: select * from iwebshop_order  as o left join iwebshop_seller  as d on o.seller_id = d.id where  user_id = #user_id# and if_del = 0    order by o.id desc limit 1
 -- You have an error in your SQL syntax; check the manual that corresponds to your MySQL server version for the right syntax to use near '' at line 1
excepFile: IWEB_PATH/lib/db/db_class.php
excepLine: 119
excepCode: 1000
excepTime: 2016-10-08 15:46:18
#0 IWEB_PATH/lib/core/query_class.php(161): IDB->query(select * from iwebshop_order  as o left join iwebshop_seller  as d on o.seller_id = d.id where  user_id = #user_id# and if_del = 0    order by o.id desc limit 1)
#1 IWEB_PATH/classes/apple.php(151): IQuery->find()
#2 IWEB_PATH/classes/apple.php(56): apple::query()
#3 IWEB_PATH/runtime/views/default/ucenter/order.php(160): apple::go(getSellerGroup,1)
#4 IWEB_PATH/lib/web/controller/controllerbase_class.php(115): require(IWEB_PATH/runtime/views/default/ucenter/order.php)
#5 IWEB_PATH/lib/web/controller/controllerbase_class.php(81): IControllerBase->requireFile(IWEB_PATH/runtime/views/default/ucenter/order.php)
#6 IWEB_PATH/lib/web/controller/controller_class.php(166): IControllerBase->renderView(IWEB_PATH/views/default/ucenter/order)
#7 IWEB_PATH/lib/web/action/view_action.php(32): IController->render(IWEB_PATH/views/default/ucenter/order)
#8 IWEB_PATH/lib/web/controller/controller_class.php(367): IViewAction->run()
#9 IWEB_PATH/controllers/ucenter.php(97): IController->redirect(order)
#10 : Ucenter->order()
#11 IWEB_PATH/lib/web/action/inline_action.php(24): call_user_func()
#12 IWEB_PATH/lib/web/controller/controller_class.php(115): IInlineAction->run()
#13 IWEB_PATH/lib/core/webapplication_class.php(75): IController->run(order)
#14 IWEB_PATH/lib/core/application_class.php(93): IWebApplication->execRequest()
#15 IWEB_PATH/index.php(7): IApplication->run()
</ERROR_BLOCK>

<ERROR_BLOCK>
excepInfo: select * from iwebshop_order  as o left join iwebshop_seller  as d on o.seller_id = d.id where  user_id = #user_id# and if_del = 0    order by o.id desc limit 1
 -- You have an error in your SQL syntax; check the manual that corresponds to your MySQL server version for the right syntax to use near '' at line 1
excepFile: IWEB_PATH/lib/db/db_class.php
excepLine: 119
excepCode: 1000
excepTime: 2016-10-08 15:48:21
#0 IWEB_PATH/lib/core/query_class.php(161): IDB->query(select * from iwebshop_order  as o left join iwebshop_seller  as d on o.seller_id = d.id where  user_id = #user_id# and if_del = 0    order by o.id desc limit 1)
#1 IWEB_PATH/classes/apple.php(151): IQuery->find()
#2 IWEB_PATH/classes/apple.php(56): apple::query()
#3 IWEB_PATH/runtime/views/default/ucenter/order.php(160): apple::go(getSellerGroup,1)
#4 IWEB_PATH/lib/web/controller/controllerbase_class.php(115): require(IWEB_PATH/runtime/views/default/ucenter/order.php)
#5 IWEB_PATH/lib/web/controller/controllerbase_class.php(81): IControllerBase->requireFile(IWEB_PATH/runtime/views/default/ucenter/order.php)
#6 IWEB_PATH/lib/web/controller/controller_class.php(166): IControllerBase->renderView(IWEB_PATH/views/default/ucenter/order)
#7 IWEB_PATH/lib/web/action/view_action.php(32): IController->render(IWEB_PATH/views/default/ucenter/order)
#8 IWEB_PATH/lib/web/controller/controller_class.php(367): IViewAction->run()
#9 IWEB_PATH/controllers/ucenter.php(97): IController->redirect(order)
#10 : Ucenter->order()
#11 IWEB_PATH/lib/web/action/inline_action.php(24): call_user_func()
#12 IWEB_PATH/lib/web/controller/controller_class.php(115): IInlineAction->run()
#13 IWEB_PATH/lib/core/webapplication_class.php(75): IController->run(order)
#14 IWEB_PATH/lib/core/application_class.php(93): IWebApplication->execRequest()
#15 IWEB_PATH/index.php(7): IApplication->run()
</ERROR_BLOCK>

<ERROR_BLOCK>
excepInfo: select * from iwebshop_order  as o left join iwebshop_seller  as d on o.seller_id = d.id where  user_id = #user_id# and if_del = 0    order by o.id desc limit 1
 -- You have an error in your SQL syntax; check the manual that corresponds to your MySQL server version for the right syntax to use near '' at line 1
excepFile: IWEB_PATH/lib/db/db_class.php
excepLine: 119
excepCode: 1000
excepTime: 2016-10-08 15:48:25
#0 IWEB_PATH/lib/core/query_class.php(161): IDB->query(select * from iwebshop_order  as o left join iwebshop_seller  as d on o.seller_id = d.id where  user_id = #user_id# and if_del = 0    order by o.id desc limit 1)
#1 IWEB_PATH/classes/apple.php(151): IQuery->find()
#2 IWEB_PATH/classes/apple.php(56): apple::query()
#3 IWEB_PATH/runtime/views/default/ucenter/order.php(160): apple::go(getSellerGroup,1)
#4 IWEB_PATH/lib/web/controller/controllerbase_class.php(115): require(IWEB_PATH/runtime/views/default/ucenter/order.php)
#5 IWEB_PATH/lib/web/controller/controllerbase_class.php(81): IControllerBase->requireFile(IWEB_PATH/runtime/views/default/ucenter/order.php)
#6 IWEB_PATH/lib/web/controller/controller_class.php(166): IControllerBase->renderView(IWEB_PATH/views/default/ucenter/order)
#7 IWEB_PATH/lib/web/action/view_action.php(32): IController->render(IWEB_PATH/views/default/ucenter/order)
#8 IWEB_PATH/lib/web/controller/controller_class.php(367): IViewAction->run()
#9 IWEB_PATH/controllers/ucenter.php(97): IController->redirect(order)
#10 : Ucenter->order()
#11 IWEB_PATH/lib/web/action/inline_action.php(24): call_user_func()
#12 IWEB_PATH/lib/web/controller/controller_class.php(115): IInlineAction->run()
#13 IWEB_PATH/lib/core/webapplication_class.php(75): IController->run(order)
#14 IWEB_PATH/lib/core/application_class.php(93): IWebApplication->execRequest()
#15 IWEB_PATH/index.php(7): IApplication->run()
</ERROR_BLOCK>

<ERROR_BLOCK>
excepInfo: select * from iwebshop_order  as o left join iwebshop_seller  as d on o.seller_id = d.id where  user_id = #user_id# and if_del = 0    order by o.id desc limit 1
 -- You have an error in your SQL syntax; check the manual that corresponds to your MySQL server version for the right syntax to use near '' at line 1
excepFile: IWEB_PATH/lib/db/db_class.php
excepLine: 119
excepCode: 1000
excepTime: 2016-10-08 15:48:42
#0 IWEB_PATH/lib/core/query_class.php(161): IDB->query(select * from iwebshop_order  as o left join iwebshop_seller  as d on o.seller_id = d.id where  user_id = #user_id# and if_del = 0    order by o.id desc limit 1)
#1 IWEB_PATH/classes/apple.php(151): IQuery->find()
#2 IWEB_PATH/classes/apple.php(56): apple::query()
#3 IWEB_PATH/runtime/views/default/ucenter/order.php(160): apple::go(getSellerGroup,1)
#4 IWEB_PATH/lib/web/controller/controllerbase_class.php(115): require(IWEB_PATH/runtime/views/default/ucenter/order.php)
#5 IWEB_PATH/lib/web/controller/controllerbase_class.php(81): IControllerBase->requireFile(IWEB_PATH/runtime/views/default/ucenter/order.php)
#6 IWEB_PATH/lib/web/controller/controller_class.php(166): IControllerBase->renderView(IWEB_PATH/views/default/ucenter/order)
#7 IWEB_PATH/lib/web/action/view_action.php(32): IController->render(IWEB_PATH/views/default/ucenter/order)
#8 IWEB_PATH/lib/web/controller/controller_class.php(367): IViewAction->run()
#9 IWEB_PATH/controllers/ucenter.php(97): IController->redirect(order)
#10 : Ucenter->order()
#11 IWEB_PATH/lib/web/action/inline_action.php(24): call_user_func()
#12 IWEB_PATH/lib/web/controller/controller_class.php(115): IInlineAction->run()
#13 IWEB_PATH/lib/core/webapplication_class.php(75): IController->run(order)
#14 IWEB_PATH/lib/core/application_class.php(93): IWebApplication->execRequest()
#15 IWEB_PATH/index.php(7): IApplication->run()
</ERROR_BLOCK>

<ERROR_BLOCK>
excepInfo: select * from iwebshop_order  as o left join iwebshop_seller  as d on o.seller_id = d.id where  user_id = #user_id# and if_del = 0    order by o.id desc limit 1
 -- You have an error in your SQL syntax; check the manual that corresponds to your MySQL server version for the right syntax to use near '' at line 1
excepFile: IWEB_PATH/lib/db/db_class.php
excepLine: 119
excepCode: 1000
excepTime: 2016-10-08 15:49:56
#0 IWEB_PATH/lib/core/query_class.php(161): IDB->query(select * from iwebshop_order  as o left join iwebshop_seller  as d on o.seller_id = d.id where  user_id = #user_id# and if_del = 0    order by o.id desc limit 1)
#1 IWEB_PATH/classes/apple.php(151): IQuery->find()
#2 IWEB_PATH/classes/apple.php(56): apple::query()
#3 IWEB_PATH/runtime/views/default/ucenter/order.php(160): apple::go(getOrderListByUserid,1)
#4 IWEB_PATH/lib/web/controller/controllerbase_class.php(115): require(IWEB_PATH/runtime/views/default/ucenter/order.php)
#5 IWEB_PATH/lib/web/controller/controllerbase_class.php(81): IControllerBase->requireFile(IWEB_PATH/runtime/views/default/ucenter/order.php)
#6 IWEB_PATH/lib/web/controller/controller_class.php(166): IControllerBase->renderView(IWEB_PATH/views/default/ucenter/order)
#7 IWEB_PATH/lib/web/action/view_action.php(32): IController->render(IWEB_PATH/views/default/ucenter/order)
#8 IWEB_PATH/lib/web/controller/controller_class.php(367): IViewAction->run()
#9 IWEB_PATH/controllers/ucenter.php(97): IController->redirect(order)
#10 : Ucenter->order()
#11 IWEB_PATH/lib/web/action/inline_action.php(24): call_user_func()
#12 IWEB_PATH/lib/web/controller/controller_class.php(115): IInlineAction->run()
#13 IWEB_PATH/lib/core/webapplication_class.php(75): IController->run(order)
#14 IWEB_PATH/lib/core/application_class.php(93): IWebApplication->execRequest()
#15 IWEB_PATH/index.php(7): IApplication->run()
</ERROR_BLOCK>

<ERROR_BLOCK>
excepInfo: select * from iwebshop_order  as o left join iwebshop_order_goods  as d on o.id = d.order_id where  user_id = #user_id# and if_del = 0    order by o.id desc limit 1
 -- You have an error in your SQL syntax; check the manual that corresponds to your MySQL server version for the right syntax to use near '' at line 1
excepFile: IWEB_PATH/lib/db/db_class.php
excepLine: 119
excepCode: 1000
excepTime: 2016-10-08 15:51:04
#0 IWEB_PATH/lib/core/query_class.php(161): IDB->query(select * from iwebshop_order  as o left join iwebshop_order_goods  as d on o.id = d.order_id where  user_id = #user_id# and if_del = 0    order by o.id desc limit 1)
#1 IWEB_PATH/classes/apple.php(151): IQuery->find()
#2 IWEB_PATH/classes/apple.php(56): apple::query()
#3 IWEB_PATH/runtime/views/default/ucenter/order.php(160): apple::go(getOrderListByUserid,1)
#4 IWEB_PATH/lib/web/controller/controllerbase_class.php(115): require(IWEB_PATH/runtime/views/default/ucenter/order.php)
#5 IWEB_PATH/lib/web/controller/controllerbase_class.php(81): IControllerBase->requireFile(IWEB_PATH/runtime/views/default/ucenter/order.php)
#6 IWEB_PATH/lib/web/controller/controller_class.php(166): IControllerBase->renderView(IWEB_PATH/views/default/ucenter/order)
#7 IWEB_PATH/lib/web/action/view_action.php(32): IController->render(IWEB_PATH/views/default/ucenter/order)
#8 IWEB_PATH/lib/web/controller/controller_class.php(367): IViewAction->run()
#9 IWEB_PATH/controllers/ucenter.php(97): IController->redirect(order)
#10 : Ucenter->order()
#11 IWEB_PATH/lib/web/action/inline_action.php(24): call_user_func()
#12 IWEB_PATH/lib/web/controller/controller_class.php(115): IInlineAction->run()
#13 IWEB_PATH/lib/core/webapplication_class.php(75): IController->run(order)
#14 IWEB_PATH/lib/core/application_class.php(93): IWebApplication->execRequest()
#15 IWEB_PATH/index.php(7): IApplication->run()
</ERROR_BLOCK>

<ERROR_BLOCK>
excepInfo: select * from iwebshop_order  as o left join iwebshop_seller  as d on o.seller_id = d.id where  user_id = #user_id# and if_del = 0    order by o.id desc limit 1
 -- You have an error in your SQL syntax; check the manual that corresponds to your MySQL server version for the right syntax to use near '' at line 1
excepFile: IWEB_PATH/lib/db/db_class.php
excepLine: 119
excepCode: 1000
excepTime: 2016-10-08 15:51:18
#0 IWEB_PATH/lib/core/query_class.php(161): IDB->query(select * from iwebshop_order  as o left join iwebshop_seller  as d on o.seller_id = d.id where  user_id = #user_id# and if_del = 0    order by o.id desc limit 1)
#1 IWEB_PATH/classes/apple.php(151): IQuery->find()
#2 IWEB_PATH/classes/apple.php(56): apple::query()
#3 IWEB_PATH/runtime/views/default/ucenter/order.php(160): apple::go(getSellerGroup,1)
#4 IWEB_PATH/lib/web/controller/controllerbase_class.php(115): require(IWEB_PATH/runtime/views/default/ucenter/order.php)
#5 IWEB_PATH/lib/web/controller/controllerbase_class.php(81): IControllerBase->requireFile(IWEB_PATH/runtime/views/default/ucenter/order.php)
#6 IWEB_PATH/lib/web/controller/controller_class.php(166): IControllerBase->renderView(IWEB_PATH/views/default/ucenter/order)
#7 IWEB_PATH/lib/web/action/view_action.php(32): IController->render(IWEB_PATH/views/default/ucenter/order)
#8 IWEB_PATH/lib/web/controller/controller_class.php(367): IViewAction->run()
#9 IWEB_PATH/controllers/ucenter.php(97): IController->redirect(order)
#10 : Ucenter->order()
#11 IWEB_PATH/lib/web/action/inline_action.php(24): call_user_func()
#12 IWEB_PATH/lib/web/controller/controller_class.php(115): IInlineAction->run()
#13 IWEB_PATH/lib/core/webapplication_class.php(75): IController->run(order)
#14 IWEB_PATH/lib/core/application_class.php(93): IWebApplication->execRequest()
#15 IWEB_PATH/index.php(7): IApplication->run()
</ERROR_BLOCK>

<ERROR_BLOCK>
excepInfo: select * from iwebshop_order  as o left join iwebshop_order_goods  as d on o.id = d.order_id where  user_id = #user_id# and if_del = 0    order by o.id desc limit 1
 -- You have an error in your SQL syntax; check the manual that corresponds to your MySQL server version for the right syntax to use near '' at line 1
excepFile: IWEB_PATH/lib/db/db_class.php
excepLine: 119
excepCode: 1000
excepTime: 2016-10-08 15:51:29
#0 IWEB_PATH/lib/core/query_class.php(161): IDB->query(select * from iwebshop_order  as o left join iwebshop_order_goods  as d on o.id = d.order_id where  user_id = #user_id# and if_del = 0    order by o.id desc limit 1)
#1 IWEB_PATH/classes/apple.php(151): IQuery->find()
#2 IWEB_PATH/classes/apple.php(56): apple::query()
#3 IWEB_PATH/runtime/views/default/ucenter/order.php(160): apple::go(getOrderListByUserid,1)
#4 IWEB_PATH/lib/web/controller/controllerbase_class.php(115): require(IWEB_PATH/runtime/views/default/ucenter/order.php)
#5 IWEB_PATH/lib/web/controller/controllerbase_class.php(81): IControllerBase->requireFile(IWEB_PATH/runtime/views/default/ucenter/order.php)
#6 IWEB_PATH/lib/web/controller/controller_class.php(166): IControllerBase->renderView(IWEB_PATH/views/default/ucenter/order)
#7 IWEB_PATH/lib/web/action/view_action.php(32): IController->render(IWEB_PATH/views/default/ucenter/order)
#8 IWEB_PATH/lib/web/controller/controller_class.php(367): IViewAction->run()
#9 IWEB_PATH/controllers/ucenter.php(97): IController->redirect(order)
#10 : Ucenter->order()
#11 IWEB_PATH/lib/web/action/inline_action.php(24): call_user_func()
#12 IWEB_PATH/lib/web/controller/controller_class.php(115): IInlineAction->run()
#13 IWEB_PATH/lib/core/webapplication_class.php(75): IController->run(order)
#14 IWEB_PATH/lib/core/application_class.php(93): IWebApplication->execRequest()
#15 IWEB_PATH/index.php(7): IApplication->run()
</ERROR_BLOCK>

<ERROR_BLOCK>
excepInfo: select * from iwebshop_order  as o left join iwebshop_order_goods  as d on o.id = d.order_id where  user_id = #user_id# and if_del = 0    order by o.id desc limit 1
 -- You have an error in your SQL syntax; check the manual that corresponds to your MySQL server version for the right syntax to use near '' at line 1
excepFile: IWEB_PATH/lib/db/db_class.php
excepLine: 119
excepCode: 1000
excepTime: 2016-10-08 15:52:06
#0 IWEB_PATH/lib/core/query_class.php(161): IDB->query(select * from iwebshop_order  as o left join iwebshop_order_goods  as d on o.id = d.order_id where  user_id = #user_id# and if_del = 0    order by o.id desc limit 1)
#1 IWEB_PATH/classes/apple.php(151): IQuery->find()
#2 IWEB_PATH/classes/apple.php(56): apple::query()
#3 IWEB_PATH/runtime/views/default/ucenter/order.php(160): apple::go(getOrderListByUserid,1)
#4 IWEB_PATH/lib/web/controller/controllerbase_class.php(115): require(IWEB_PATH/runtime/views/default/ucenter/order.php)
#5 IWEB_PATH/lib/web/controller/controllerbase_class.php(81): IControllerBase->requireFile(IWEB_PATH/runtime/views/default/ucenter/order.php)
#6 IWEB_PATH/lib/web/controller/controller_class.php(166): IControllerBase->renderView(IWEB_PATH/views/default/ucenter/order)
#7 IWEB_PATH/lib/web/action/view_action.php(32): IController->render(IWEB_PATH/views/default/ucenter/order)
#8 IWEB_PATH/lib/web/controller/controller_class.php(367): IViewAction->run()
#9 IWEB_PATH/controllers/ucenter.php(97): IController->redirect(order)
#10 : Ucenter->order()
#11 IWEB_PATH/lib/web/action/inline_action.php(24): call_user_func()
#12 IWEB_PATH/lib/web/controller/controller_class.php(115): IInlineAction->run()
#13 IWEB_PATH/lib/core/webapplication_class.php(75): IController->run(order)
#14 IWEB_PATH/lib/core/application_class.php(93): IWebApplication->execRequest()
#15 IWEB_PATH/index.php(7): IApplication->run()
</ERROR_BLOCK>

<ERROR_BLOCK>
excepInfo: select * from iwebshop_areas  where parent_id =0     limit -1
 -- You have an error in your SQL syntax; check the manual that corresponds to your MySQL server version for the right syntax to use near '-1' at line 1
excepFile: IWEB_PATH/lib/db/db_class.php
excepLine: 119
excepCode: 1000
excepTime: 2016-10-08 15:55:33
#0 IWEB_PATH/lib/core/query_class.php(161): IDB->query(select * from iwebshop_areas  where parent_id =0     limit -1)
#1 IWEB_PATH/classes/apple.php(151): IQuery->find()
#2 IWEB_PATH/classes/apple.php(56): apple::query()
#3 IWEB_PATH/runtime/views/default/ucenter/order.php(160): apple::go(getAreasListTop,1,-1,-1)
#4 IWEB_PATH/lib/web/controller/controllerbase_class.php(115): require(IWEB_PATH/runtime/views/default/ucenter/order.php)
#5 IWEB_PATH/lib/web/controller/controllerbase_class.php(81): IControllerBase->requireFile(IWEB_PATH/runtime/views/default/ucenter/order.php)
#6 IWEB_PATH/lib/web/controller/controller_class.php(166): IControllerBase->renderView(IWEB_PATH/views/default/ucenter/order)
#7 IWEB_PATH/lib/web/action/view_action.php(32): IController->render(IWEB_PATH/views/default/ucenter/order)
#8 IWEB_PATH/lib/web/controller/controller_class.php(367): IViewAction->run()
#9 IWEB_PATH/controllers/ucenter.php(97): IController->redirect(order)
#10 : Ucenter->order()
#11 IWEB_PATH/lib/web/action/inline_action.php(24): call_user_func()
#12 IWEB_PATH/lib/web/controller/controller_class.php(115): IInlineAction->run()
#13 IWEB_PATH/lib/core/webapplication_class.php(75): IController->run(order)
#14 IWEB_PATH/lib/core/application_class.php(93): IWebApplication->execRequest()
#15 IWEB_PATH/index.php(7): IApplication->run()
</ERROR_BLOCK>

<ERROR_BLOCK>
excepInfo: select * from iwebshop_areas  where parent_id =0     limit -1
 -- You have an error in your SQL syntax; check the manual that corresponds to your MySQL server version for the right syntax to use near '-1' at line 1
excepFile: IWEB_PATH/lib/db/db_class.php
excepLine: 119
excepCode: 1000
excepTime: 2016-10-08 15:55:59
#0 IWEB_PATH/lib/core/query_class.php(161): IDB->query(select * from iwebshop_areas  where parent_id =0     limit -1)
#1 IWEB_PATH/classes/apple.php(151): IQuery->find()
#2 IWEB_PATH/classes/apple.php(56): apple::query()
#3 IWEB_PATH/runtime/views/default/ucenter/order.php(160): apple::go(getAreasListTop,1,-1,-1)
#4 IWEB_PATH/lib/web/controller/controllerbase_class.php(115): require(IWEB_PATH/runtime/views/default/ucenter/order.php)
#5 IWEB_PATH/lib/web/controller/controllerbase_class.php(81): IControllerBase->requireFile(IWEB_PATH/runtime/views/default/ucenter/order.php)
#6 IWEB_PATH/lib/web/controller/controller_class.php(166): IControllerBase->renderView(IWEB_PATH/views/default/ucenter/order)
#7 IWEB_PATH/lib/web/action/view_action.php(32): IController->render(IWEB_PATH/views/default/ucenter/order)
#8 IWEB_PATH/lib/web/controller/controller_class.php(367): IViewAction->run()
#9 IWEB_PATH/controllers/ucenter.php(97): IController->redirect(order)
#10 : Ucenter->order()
#11 IWEB_PATH/lib/web/action/inline_action.php(24): call_user_func()
#12 IWEB_PATH/lib/web/controller/controller_class.php(115): IInlineAction->run()
#13 IWEB_PATH/lib/core/webapplication_class.php(75): IController->run(order)
#14 IWEB_PATH/lib/core/application_class.php(93): IWebApplication->execRequest()
#15 IWEB_PATH/index.php(7): IApplication->run()
</ERROR_BLOCK>

<ERROR_BLOCK>
excepInfo: select * from iwebshop_areas  where parent_id =0     limit -1
 -- You have an error in your SQL syntax; check the manual that corresponds to your MySQL server version for the right syntax to use near '-1' at line 1
excepFile: IWEB_PATH/lib/db/db_class.php
excepLine: 119
excepCode: 1000
excepTime: 2016-10-08 15:56:29
#0 IWEB_PATH/lib/core/query_class.php(161): IDB->query(select * from iwebshop_areas  where parent_id =0     limit -1)
#1 IWEB_PATH/classes/apple.php(151): IQuery->find()
#2 IWEB_PATH/classes/apple.php(56): apple::query()
#3 IWEB_PATH/runtime/views/default/ucenter/order.php(160): apple::go(getAreasListTop,1,-1,-1)
#4 IWEB_PATH/lib/web/controller/controllerbase_class.php(115): require(IWEB_PATH/runtime/views/default/ucenter/order.php)
#5 IWEB_PATH/lib/web/controller/controllerbase_class.php(81): IControllerBase->requireFile(IWEB_PATH/runtime/views/default/ucenter/order.php)
#6 IWEB_PATH/lib/web/controller/controller_class.php(166): IControllerBase->renderView(IWEB_PATH/views/default/ucenter/order)
#7 IWEB_PATH/lib/web/action/view_action.php(32): IController->render(IWEB_PATH/views/default/ucenter/order)
#8 IWEB_PATH/lib/web/controller/controller_class.php(367): IViewAction->run()
#9 IWEB_PATH/controllers/ucenter.php(97): IController->redirect(order)
#10 : Ucenter->order()
#11 IWEB_PATH/lib/web/action/inline_action.php(24): call_user_func()
#12 IWEB_PATH/lib/web/controller/controller_class.php(115): IInlineAction->run()
#13 IWEB_PATH/lib/core/webapplication_class.php(75): IController->run(order)
#14 IWEB_PATH/lib/core/application_class.php(93): IWebApplication->execRequest()
#15 IWEB_PATH/index.php(7): IApplication->run()
</ERROR_BLOCK>

<ERROR_BLOCK>
excepInfo: select count(*) as total from iwebshop_order  where user_id = and if_del= 0   
 -- You have an error in your SQL syntax; check the manual that corresponds to your MySQL server version for the right syntax to use near 'and if_del= 0' at line 1
excepFile: IWEB_PATH/lib/db/db_class.php
excepLine: 119
excepCode: 1000
excepTime: 2016-10-08 15:58:24
#0 IWEB_PATH/lib/core/paging_class.php(56): IDB->query(select count(*) as total from iwebshop_order  where user_id = and if_del= 0   )
#1 IWEB_PATH/lib/core/paging_class.php(41): IPaging->setSql(select * from iwebshop_order  where user_id = and if_del= 0   order by id desc)
#2 IWEB_PATH/lib/core/query_class.php(151): IPaging->__construct(select * from iwebshop_order  where user_id = and if_del= 0   order by id desc,10,10)
#3 IWEB_PATH/runtime/views/default/ucenter/order.php(161): IQuery->find()
#4 IWEB_PATH/lib/web/controller/controllerbase_class.php(115): require(IWEB_PATH/runtime/views/default/ucenter/order.php)
#5 IWEB_PATH/lib/web/controller/controllerbase_class.php(81): IControllerBase->requireFile(IWEB_PATH/runtime/views/default/ucenter/order.php)
#6 IWEB_PATH/lib/web/controller/controller_class.php(166): IControllerBase->renderView(IWEB_PATH/views/default/ucenter/order)
#7 IWEB_PATH/lib/web/action/view_action.php(32): IController->render(IWEB_PATH/views/default/ucenter/order)
#8 IWEB_PATH/lib/web/controller/controller_class.php(367): IViewAction->run()
#9 IWEB_PATH/controllers/ucenter.php(97): IController->redirect(order)
#10 : Ucenter->order()
#11 IWEB_PATH/lib/web/action/inline_action.php(24): call_user_func()
#12 IWEB_PATH/lib/web/controller/controller_class.php(115): IInlineAction->run()
#13 IWEB_PATH/lib/core/webapplication_class.php(75): IController->run(order)
#14 IWEB_PATH/lib/core/application_class.php(93): IWebApplication->execRequest()
#15 IWEB_PATH/index.php(7): IApplication->run()
</ERROR_BLOCK>

<ERROR_BLOCK>
excepInfo: select * from iwebshop_order as o  iwebshop_seller  as s on s.id = o.seller_id where o.if_del=0 and user_id=1    limit 5000
 -- You have an error in your SQL syntax; check the manual that corresponds to your MySQL server version for the right syntax to use near 'iwebshop_seller  as s on s.id = o.seller_id where o.if_del=0 and user_id=1    li' at line 1
excepFile: IWEB_PATH/lib/db/db_class.php
excepLine: 119
excepCode: 1000
excepTime: 2016-10-08 16:11:32
#0 IWEB_PATH/lib/core/query_class.php(161): IDB->query(select * from iwebshop_order as o  iwebshop_seller  as s on s.id = o.seller_id where o.if_del=0 and user_id=1    limit 5000)
#1 IWEB_PATH/runtime/views/default/ucenter/order.php(161): IQuery->find()
#2 IWEB_PATH/lib/web/controller/controllerbase_class.php(115): require(IWEB_PATH/runtime/views/default/ucenter/order.php)
#3 IWEB_PATH/lib/web/controller/controllerbase_class.php(81): IControllerBase->requireFile(IWEB_PATH/runtime/views/default/ucenter/order.php)
#4 IWEB_PATH/lib/web/controller/controller_class.php(166): IControllerBase->renderView(IWEB_PATH/views/default/ucenter/order)
#5 IWEB_PATH/lib/web/action/view_action.php(32): IController->render(IWEB_PATH/views/default/ucenter/order)
#6 IWEB_PATH/lib/web/controller/controller_class.php(367): IViewAction->run()
#7 IWEB_PATH/controllers/ucenter.php(97): IController->redirect(order)
#8 : Ucenter->order()
#9 IWEB_PATH/lib/web/action/inline_action.php(24): call_user_func()
#10 IWEB_PATH/lib/web/controller/controller_class.php(115): IInlineAction->run()
#11 IWEB_PATH/lib/core/webapplication_class.php(75): IController->run(order)
#12 IWEB_PATH/lib/core/application_class.php(93): IWebApplication->execRequest()
#13 IWEB_PATH/index.php(7): IApplication->run()
</ERROR_BLOCK>

<ERROR_BLOCK>
excepInfo: select * from iwebshop_order as o  iwebshop_seller  as s on s.id = o.seller_id where o.if_del=0 and user_id=1    limit 5000
 -- You have an error in your SQL syntax; check the manual that corresponds to your MySQL server version for the right syntax to use near 'iwebshop_seller  as s on s.id = o.seller_id where o.if_del=0 and user_id=1    li' at line 1
excepFile: IWEB_PATH/lib/db/db_class.php
excepLine: 119
excepCode: 1000
excepTime: 2016-10-08 16:12:20
#0 IWEB_PATH/lib/core/query_class.php(161): IDB->query(select * from iwebshop_order as o  iwebshop_seller  as s on s.id = o.seller_id where o.if_del=0 and user_id=1    limit 5000)
#1 IWEB_PATH/classes/api/ucenter.php(191): IQuery->find()
#2 : APIUcenter->getOrderSellerList(1)
#3 IWEB_PATH/classes/apple.php(88): call_user_func_array()
#4 IWEB_PATH/runtime/views/default/ucenter/order.php(160): apple::go(getOrderSellerList,1)
#5 IWEB_PATH/lib/web/controller/controllerbase_class.php(115): require(IWEB_PATH/runtime/views/default/ucenter/order.php)
#6 IWEB_PATH/lib/web/controller/controllerbase_class.php(81): IControllerBase->requireFile(IWEB_PATH/runtime/views/default/ucenter/order.php)
#7 IWEB_PATH/lib/web/controller/controller_class.php(166): IControllerBase->renderView(IWEB_PATH/views/default/ucenter/order)
#8 IWEB_PATH/lib/web/action/view_action.php(32): IController->render(IWEB_PATH/views/default/ucenter/order)
#9 IWEB_PATH/lib/web/controller/controller_class.php(367): IViewAction->run()
#10 IWEB_PATH/controllers/ucenter.php(97): IController->redirect(order)
#11 : Ucenter->order()
#12 IWEB_PATH/lib/web/action/inline_action.php(24): call_user_func()
#13 IWEB_PATH/lib/web/controller/controller_class.php(115): IInlineAction->run()
#14 IWEB_PATH/lib/core/webapplication_class.php(75): IController->run(order)
#15 IWEB_PATH/lib/core/application_class.php(93): IWebApplication->execRequest()
#16 IWEB_PATH/index.php(7): IApplication->run()
</ERROR_BLOCK>

<ERROR_BLOCK>
excepInfo: select * from iwebshop_order as o  iwebshop_seller  as s on s.id = o.seller_id where o.if_del=0 and user_id=1    limit 5000
 -- You have an error in your SQL syntax; check the manual that corresponds to your MySQL server version for the right syntax to use near 'iwebshop_seller  as s on s.id = o.seller_id where o.if_del=0 and user_id=1    li' at line 1
excepFile: IWEB_PATH/lib/db/db_class.php
excepLine: 119
excepCode: 1000
excepTime: 2016-10-08 16:12:24
#0 IWEB_PATH/lib/core/query_class.php(161): IDB->query(select * from iwebshop_order as o  iwebshop_seller  as s on s.id = o.seller_id where o.if_del=0 and user_id=1    limit 5000)
#1 IWEB_PATH/classes/api/ucenter.php(191): IQuery->find()
#2 : APIUcenter->getOrderSellerList(1)
#3 IWEB_PATH/classes/apple.php(88): call_user_func_array()
#4 IWEB_PATH/runtime/views/default/ucenter/order.php(160): apple::go(getOrderSellerList,1)
#5 IWEB_PATH/lib/web/controller/controllerbase_class.php(115): require(IWEB_PATH/runtime/views/default/ucenter/order.php)
#6 IWEB_PATH/lib/web/controller/controllerbase_class.php(81): IControllerBase->requireFile(IWEB_PATH/runtime/views/default/ucenter/order.php)
#7 IWEB_PATH/lib/web/controller/controller_class.php(166): IControllerBase->renderView(IWEB_PATH/views/default/ucenter/order)
#8 IWEB_PATH/lib/web/action/view_action.php(32): IController->render(IWEB_PATH/views/default/ucenter/order)
#9 IWEB_PATH/lib/web/controller/controller_class.php(367): IViewAction->run()
#10 IWEB_PATH/controllers/ucenter.php(97): IController->redirect(order)
#11 : Ucenter->order()
#12 IWEB_PATH/lib/web/action/inline_action.php(24): call_user_func()
#13 IWEB_PATH/lib/web/controller/controller_class.php(115): IInlineAction->run()
#14 IWEB_PATH/lib/core/webapplication_class.php(75): IController->run(order)
#15 IWEB_PATH/lib/core/application_class.php(93): IWebApplication->execRequest()
#16 IWEB_PATH/index.php(7): IApplication->run()
</ERROR_BLOCK>

<ERROR_BLOCK>
excepInfo: select * from iwebshop_order as o iwebshop_seller  as s on s.id = o.seller_id where o.if_del=0 and user_id=1    limit 5000
 -- You have an error in your SQL syntax; check the manual that corresponds to your MySQL server version for the right syntax to use near 'iwebshop_seller  as s on s.id = o.seller_id where o.if_del=0 and user_id=1    li' at line 1
excepFile: IWEB_PATH/lib/db/db_class.php
excepLine: 119
excepCode: 1000
excepTime: 2016-10-08 16:13:57
#0 IWEB_PATH/lib/core/query_class.php(161): IDB->query(select * from iwebshop_order as o iwebshop_seller  as s on s.id = o.seller_id where o.if_del=0 and user_id=1    limit 5000)
#1 IWEB_PATH/classes/api/ucenter.php(191): IQuery->find()
#2 : APIUcenter->getOrderSellerList(1)
#3 IWEB_PATH/classes/apple.php(88): call_user_func_array()
#4 IWEB_PATH/runtime/views/default/ucenter/order.php(160): apple::go(getOrderSellerList,1)
#5 IWEB_PATH/lib/web/controller/controllerbase_class.php(115): require(IWEB_PATH/runtime/views/default/ucenter/order.php)
#6 IWEB_PATH/lib/web/controller/controllerbase_class.php(81): IControllerBase->requireFile(IWEB_PATH/runtime/views/default/ucenter/order.php)
#7 IWEB_PATH/lib/web/controller/controller_class.php(166): IControllerBase->renderView(IWEB_PATH/views/default/ucenter/order)
#8 IWEB_PATH/lib/web/action/view_action.php(32): IController->render(IWEB_PATH/views/default/ucenter/order)
#9 IWEB_PATH/lib/web/controller/controller_class.php(367): IViewAction->run()
#10 IWEB_PATH/controllers/ucenter.php(97): IController->redirect(order)
#11 : Ucenter->order()
#12 IWEB_PATH/lib/web/action/inline_action.php(24): call_user_func()
#13 IWEB_PATH/lib/web/controller/controller_class.php(115): IInlineAction->run()
#14 IWEB_PATH/lib/core/webapplication_class.php(75): IController->run(order)
#15 IWEB_PATH/lib/core/application_class.php(93): IWebApplication->execRequest()
#16 IWEB_PATH/index.php(7): IApplication->run()
</ERROR_BLOCK>

<ERROR_BLOCK>
excepInfo: select * from iwebshop_quick_naviga  where admin_id =  and is_del = 0    limit 5000
 -- You have an error in your SQL syntax; check the manual that corresponds to your MySQL server version for the right syntax to use near 'and is_del = 0    limit 5000' at line 1
excepFile: IWEB_PATH/lib/db/db_class.php
excepLine: 119
excepCode: 1000
excepTime: 2016-10-08 16:21:19
#0 IWEB_PATH/lib/core/query_class.php(161): IDB->query(select * from iwebshop_quick_naviga  where admin_id =  and is_del = 0    limit 5000)
#1 IWEB_PATH/runtime/views/sysdefault/system/hsms.php(40): IQuery->find()
#2 IWEB_PATH/lib/web/controller/controllerbase_class.php(115): require(IWEB_PATH/runtime/views/sysdefault/system/hsms.php)
#3 IWEB_PATH/lib/web/controller/controllerbase_class.php(81): IControllerBase->requireFile(IWEB_PATH/runtime/views/sysdefault/system/hsms.php)
#4 IWEB_PATH/lib/web/controller/controller_class.php(166): IControllerBase->renderView(IWEB_PATH/views/sysdefault/system/hsms)
#5 IWEB_PATH/lib/web/action/view_action.php(32): IController->render(IWEB_PATH/views/sysdefault/system/hsms)
#6 IWEB_PATH/lib/web/controller/controller_class.php(115): IViewAction->run()
#7 IWEB_PATH/lib/core/webapplication_class.php(75): IController->run(hsms)
#8 IWEB_PATH/lib/core/application_class.php(93): IWebApplication->execRequest()
#9 IWEB_PATH/index.php(7): IApplication->run()
</ERROR_BLOCK>

<ERROR_BLOCK>
excepInfo: select mobile from iwebshop_member  where  user_id=    limit 5000
 -- You have an error in your SQL syntax; check the manual that corresponds to your MySQL server version for the right syntax to use near 'limit 5000' at line 1
excepFile: IWEB_PATH/lib/db/db_class.php
excepLine: 119
excepCode: 1000
excepTime: 2016-10-08 17:35:28
#0 IWEB_PATH/lib/core/query_class.php(161): IDB->query(select mobile from iwebshop_member  where  user_id=    limit 5000)
#1 IWEB_PATH/controllers/ucenter.php(457): IQuery->find()
#2 : Ucenter->password_edit()
#3 IWEB_PATH/lib/web/action/inline_action.php(24): call_user_func()
#4 IWEB_PATH/lib/web/controller/controller_class.php(115): IInlineAction->run()
#5 IWEB_PATH/lib/core/webapplication_class.php(75): IController->run(password_edit)
#6 IWEB_PATH/lib/core/application_class.php(93): IWebApplication->execRequest()
#7 IWEB_PATH/index.php(7): IApplication->run()
</ERROR_BLOCK>

